2017-05-08 16:02:11,305 [Worker-1] INFO  c.g.t.t.d.PublishedGradleVersions - Gradle version information cache is up-to-date. Trying to read.
2017-05-08 16:12:45,103 [ModalContext] INFO  o.e.m.c.i.e.AbstractTransferListenerAdapter - Downloading https://repo.maven.apache.org/maven2/org/apache/maven/archetypes/maven-archetype-quickstart/1.1/maven-archetype-quickstart-1.1.jar
2017-05-08 16:12:45,311 [ModalContext] INFO  o.e.m.c.i.e.AbstractTransferListenerAdapter - Downloaded https://repo.maven.apache.org/maven2/org/apache/maven/archetypes/maven-archetype-quickstart/1.1/maven-archetype-quickstart-1.1.jar
2017-05-08 16:12:45,650 [ModalContext] INFO  o.e.m.c.i.e.AbstractTransferListenerAdapter - Downloading https://repo.maven.apache.org/maven2/org/apache/maven/archetypes/maven-archetype-quickstart/1.1/maven-archetype-quickstart-1.1.pom
2017-05-08 16:12:45,883 [ModalContext] INFO  o.e.m.c.i.e.AbstractTransferListenerAdapter - Downloaded https://repo.maven.apache.org/maven2/org/apache/maven/archetypes/maven-archetype-quickstart/1.1/maven-archetype-quickstart-1.1.pom
2017-05-08 16:14:07,865 [Worker-4] INFO  o.e.m.c.i.p.ProjectConfigurationManager - Collecting project info '/pom.xml' D:\GitHub\SFS2X\SFS2X_Extension_SCG_Lobby\SFS2X_Extension_SCG_Lobby_Workspace\scg\pom.xml
2017-05-08 16:14:09,979 [Worker-4] INFO  o.e.m.c.i.l.LifecycleMappingFactory - Using org.eclipse.m2e.jdt.JarLifecycleMapping lifecycle mapping for MavenProject: scott:scg:0.0.1-SNAPSHOT @ D:\GitHub\SFS2X\SFS2X_Extension_SCG_Lobby\SFS2X_Extension_SCG_Lobby_Workspace\scg\pom.xml.
2017-05-08 16:14:10,407 [Worker-4] INFO  o.e.m.j.i.AbstractJavaProjectConfigurator - Adding source folder /scg/src/main/java
2017-05-08 16:14:10,410 [Worker-4] INFO  o.e.m.j.i.AbstractJavaProjectConfigurator - Adding source folder /scg/src/test/java
2017-05-08 16:14:11,289 [Worker-4] INFO  o.e.m.c.i.p.ProjectConfigurationManager - Imported and configured 1 project(s) in 3 sec
2017-05-08 16:14:11,952 [Worker-1] INFO  o.e.m.c.i.embedder.EclipseLogger - Using 'UTF-8' encoding to copy filtered resources.
2017-05-08 16:14:11,952 [Worker-1] INFO  o.e.m.c.i.embedder.EclipseLogger - skip non existing resourceDirectory D:\GitHub\SFS2X\SFS2X_Extension_SCG_Lobby\SFS2X_Extension_SCG_Lobby_Workspace\scg\src\main\resources
2017-05-08 16:14:11,955 [Worker-1] INFO  o.e.m.c.i.embedder.EclipseLogger - Using 'UTF-8' encoding to copy filtered resources.
2017-05-08 16:14:11,956 [Worker-1] INFO  o.e.m.c.i.embedder.EclipseLogger - skip non existing resourceDirectory D:\GitHub\SFS2X\SFS2X_Extension_SCG_Lobby\SFS2X_Extension_SCG_Lobby_Workspace\scg\src\test\resources
2017-05-08 16:17:15,894 [Worker-18] INFO  o.e.m.c.i.p.ProjectConfigurationManager - Update started
2017-05-08 16:17:16,535 [Worker-18] INFO  o.e.m.c.i.l.LifecycleMappingFactory - Using org.eclipse.m2e.jdt.JarLifecycleMapping lifecycle mapping for MavenProject: scott:scg:0.0.1-SNAPSHOT @ D:\GitHub\SFS2X\SFS2X_Extension_SCG_Lobby\SFS2X_Extension_SCG_Lobby_Workspace\scg\pom.xml.
2017-05-08 16:17:16,833 [Worker-18] INFO  o.e.m.j.i.AbstractJavaProjectConfigurator - Adding source folder /scg/src/main/java
2017-05-08 16:17:16,834 [Worker-18] INFO  o.e.m.j.i.AbstractJavaProjectConfigurator - Adding source folder /scg/src/test/java
2017-05-08 16:17:17,057 [Worker-18] INFO  o.e.m.c.i.p.ProjectConfigurationManager - Update completed: 1 sec
2017-05-08 16:17:17,400 [Worker-1] INFO  o.e.m.c.i.embedder.EclipseLogger - Using 'UTF-8' encoding to copy filtered resources.
2017-05-08 16:17:17,401 [Worker-1] INFO  o.e.m.c.i.embedder.EclipseLogger - skip non existing resourceDirectory D:\GitHub\SFS2X\SFS2X_Extension_SCG_Lobby\SFS2X_Extension_SCG_Lobby_Workspace\scg\src\main\resources
2017-05-08 16:17:17,403 [Worker-1] INFO  o.e.m.c.i.embedder.EclipseLogger - Using 'UTF-8' encoding to copy filtered resources.
2017-05-08 16:17:17,403 [Worker-1] INFO  o.e.m.c.i.embedder.EclipseLogger - skip non existing resourceDirectory D:\GitHub\SFS2X\SFS2X_Extension_SCG_Lobby\SFS2X_Extension_SCG_Lobby_Workspace\scg\src\test\resources
2017-05-08 16:17:52,526 [Worker-1] INFO  o.e.m.c.i.embedder.EclipseLogger - Using 'UTF-8' encoding to copy filtered resources.
2017-05-08 16:17:52,526 [Worker-1] INFO  o.e.m.c.i.embedder.EclipseLogger - skip non existing resourceDirectory D:\GitHub\SFS2X\SFS2X_Extension_SCG_Lobby\SFS2X_Extension_SCG_Lobby_Workspace\scg\src\main\resources
2017-05-08 16:17:52,528 [Worker-1] INFO  o.e.m.c.i.embedder.EclipseLogger - Using 'UTF-8' encoding to copy filtered resources.
2017-05-08 16:17:52,528 [Worker-1] INFO  o.e.m.c.i.embedder.EclipseLogger - skip non existing resourceDirectory D:\GitHub\SFS2X\SFS2X_Extension_SCG_Lobby\SFS2X_Extension_SCG_Lobby_Workspace\scg\src\test\resources
2017-05-08 16:19:41,229 [Worker-4] INFO  o.e.m.c.i.p.ProjectConfigurationManager - Update started
2017-05-08 16:19:41,615 [Worker-4] INFO  o.e.m.c.i.l.LifecycleMappingFactory - Using org.eclipse.m2e.jdt.JarLifecycleMapping lifecycle mapping for MavenProject: scott:scg:0.0.1-SNAPSHOT @ D:\GitHub\SFS2X\SFS2X_Extension_SCG_Lobby\SFS2X_Extension_SCG_Lobby_Workspace\scg\pom.xml.
2017-05-08 16:19:41,809 [Worker-4] INFO  o.e.m.j.i.AbstractJavaProjectConfigurator - Adding source folder /scg/src/main/java
2017-05-08 16:19:41,810 [Worker-4] INFO  o.e.m.j.i.AbstractJavaProjectConfigurator - Adding source folder /scg/src/test/java
2017-05-08 16:19:41,883 [Worker-4] INFO  o.e.m.c.i.p.ProjectConfigurationManager - Update completed: 0 sec
2017-05-08 16:19:42,077 [Worker-20] INFO  o.e.m.c.i.embedder.EclipseLogger - Using 'UTF-8' encoding to copy filtered resources.
2017-05-08 16:19:42,077 [Worker-20] INFO  o.e.m.c.i.embedder.EclipseLogger - skip non existing resourceDirectory D:\GitHub\SFS2X\SFS2X_Extension_SCG_Lobby\SFS2X_Extension_SCG_Lobby_Workspace\scg\src\main\resources
2017-05-08 16:19:42,080 [Worker-20] INFO  o.e.m.c.i.embedder.EclipseLogger - Using 'UTF-8' encoding to copy filtered resources.
2017-05-08 16:19:42,080 [Worker-20] INFO  o.e.m.c.i.embedder.EclipseLogger - skip non existing resourceDirectory D:\GitHub\SFS2X\SFS2X_Extension_SCG_Lobby\SFS2X_Extension_SCG_Lobby_Workspace\scg\src\test\resources
2017-05-08 16:20:13,320 [Worker-4] INFO  o.e.m.c.i.p.ProjectConfigurationManager - Update started
2017-05-08 16:20:13,672 [Worker-4] INFO  o.e.m.c.i.l.LifecycleMappingFactory - Using org.eclipse.m2e.jdt.JarLifecycleMapping lifecycle mapping for MavenProject: scott:scg:0.0.1-SNAPSHOT @ D:\GitHub\SFS2X\SFS2X_Extension_SCG_Lobby\SFS2X_Extension_SCG_Lobby_Workspace\scg\pom.xml.
2017-05-08 16:20:13,799 [Worker-4] INFO  o.e.m.j.i.AbstractJavaProjectConfigurator - Adding source folder /scg/src/main/java
2017-05-08 16:20:13,801 [Worker-4] INFO  o.e.m.j.i.AbstractJavaProjectConfigurator - Adding source folder /scg/src/test/java
2017-05-08 16:20:13,856 [Worker-4] INFO  o.e.m.c.i.p.ProjectConfigurationManager - Update completed: 0 sec
2017-05-08 16:20:14,024 [Worker-18] INFO  o.e.m.c.i.embedder.EclipseLogger - Using 'UTF-8' encoding to copy filtered resources.
2017-05-08 16:20:14,024 [Worker-18] INFO  o.e.m.c.i.embedder.EclipseLogger - skip non existing resourceDirectory D:\GitHub\SFS2X\SFS2X_Extension_SCG_Lobby\SFS2X_Extension_SCG_Lobby_Workspace\scg\src\main\resources
2017-05-08 16:20:14,026 [Worker-18] INFO  o.e.m.c.i.embedder.EclipseLogger - Using 'UTF-8' encoding to copy filtered resources.
2017-05-08 16:20:14,026 [Worker-18] INFO  o.e.m.c.i.embedder.EclipseLogger - skip non existing resourceDirectory D:\GitHub\SFS2X\SFS2X_Extension_SCG_Lobby\SFS2X_Extension_SCG_Lobby_Workspace\scg\src\test\resources
2017-05-08 16:20:27,147 [Worker-4] INFO  o.e.m.c.i.embedder.EclipseLogger - Using 'UTF-8' encoding to copy filtered resources.
2017-05-08 16:20:27,147 [Worker-4] INFO  o.e.m.c.i.embedder.EclipseLogger - skip non existing resourceDirectory D:\GitHub\SFS2X\SFS2X_Extension_SCG_Lobby\SFS2X_Extension_SCG_Lobby_Workspace\scg\src\main\resources
2017-05-08 16:20:27,149 [Worker-4] INFO  o.e.m.c.i.embedder.EclipseLogger - Using 'UTF-8' encoding to copy filtered resources.
2017-05-08 16:20:27,149 [Worker-4] INFO  o.e.m.c.i.embedder.EclipseLogger - skip non existing resourceDirectory D:\GitHub\SFS2X\SFS2X_Extension_SCG_Lobby\SFS2X_Extension_SCG_Lobby_Workspace\scg\src\test\resources
2017-05-08 16:20:51,607 [Worker-20] INFO  o.e.m.c.i.p.ProjectConfigurationManager - Update started
2017-05-08 16:20:51,959 [Worker-20] INFO  o.e.m.c.i.l.LifecycleMappingFactory - Using org.eclipse.m2e.jdt.JarLifecycleMapping lifecycle mapping for MavenProject: scott:scg:0.0.1-SNAPSHOT @ D:\GitHub\SFS2X\SFS2X_Extension_SCG_Lobby\SFS2X_Extension_SCG_Lobby_Workspace\scg\pom.xml.
2017-05-08 16:20:52,068 [Worker-20] INFO  o.e.m.j.i.AbstractJavaProjectConfigurator - Adding source folder /scg/src/main/java
2017-05-08 16:20:52,069 [Worker-20] INFO  o.e.m.j.i.AbstractJavaProjectConfigurator - Adding source folder /scg/src/test/java
2017-05-08 16:20:52,130 [Worker-20] INFO  o.e.m.c.i.p.ProjectConfigurationManager - Update completed: 0 sec
2017-05-08 16:20:52,308 [Worker-20] INFO  o.e.m.c.i.embedder.EclipseLogger - Using 'UTF-8' encoding to copy filtered resources.
2017-05-08 16:20:52,308 [Worker-20] INFO  o.e.m.c.i.embedder.EclipseLogger - skip non existing resourceDirectory D:\GitHub\SFS2X\SFS2X_Extension_SCG_Lobby\SFS2X_Extension_SCG_Lobby_Workspace\scg\src\main\resources
2017-05-08 16:20:52,310 [Worker-20] INFO  o.e.m.c.i.embedder.EclipseLogger - Using 'UTF-8' encoding to copy filtered resources.
2017-05-08 16:20:52,310 [Worker-20] INFO  o.e.m.c.i.embedder.EclipseLogger - skip non existing resourceDirectory D:\GitHub\SFS2X\SFS2X_Extension_SCG_Lobby\SFS2X_Extension_SCG_Lobby_Workspace\scg\src\test\resources
2017-05-08 16:21:03,117 [Worker-18] INFO  o.e.m.c.i.embedder.EclipseLogger - Using 'UTF-8' encoding to copy filtered resources.
2017-05-08 16:21:03,118 [Worker-18] INFO  o.e.m.c.i.embedder.EclipseLogger - skip non existing resourceDirectory D:\GitHub\SFS2X\SFS2X_Extension_SCG_Lobby\SFS2X_Extension_SCG_Lobby_Workspace\scg\src\main\resources
2017-05-08 16:21:03,119 [Worker-18] INFO  o.e.m.c.i.embedder.EclipseLogger - Using 'UTF-8' encoding to copy filtered resources.
2017-05-08 16:21:03,119 [Worker-18] INFO  o.e.m.c.i.embedder.EclipseLogger - skip non existing resourceDirectory D:\GitHub\SFS2X\SFS2X_Extension_SCG_Lobby\SFS2X_Extension_SCG_Lobby_Workspace\scg\src\test\resources
2017-05-08 16:21:18,596 [Worker-21] INFO  o.e.m.c.i.embedder.EclipseLogger - Using 'UTF-8' encoding to copy filtered resources.
2017-05-08 16:21:18,596 [Worker-21] INFO  o.e.m.c.i.embedder.EclipseLogger - skip non existing resourceDirectory D:\GitHub\SFS2X\SFS2X_Extension_SCG_Lobby\SFS2X_Extension_SCG_Lobby_Workspace\scg\src\main\resources
2017-05-08 16:21:18,597 [Worker-21] INFO  o.e.m.c.i.embedder.EclipseLogger - Using 'UTF-8' encoding to copy filtered resources.
2017-05-08 16:21:18,597 [Worker-21] INFO  o.e.m.c.i.embedder.EclipseLogger - skip non existing resourceDirectory D:\GitHub\SFS2X\SFS2X_Extension_SCG_Lobby\SFS2X_Extension_SCG_Lobby_Workspace\scg\src\test\resources
2017-05-08 16:21:33,021 [Worker-18] INFO  o.e.m.c.i.embedder.EclipseLogger - Using 'UTF-8' encoding to copy filtered resources.
2017-05-08 16:21:33,021 [Worker-18] INFO  o.e.m.c.i.embedder.EclipseLogger - skip non existing resourceDirectory D:\GitHub\SFS2X\SFS2X_Extension_SCG_Lobby\SFS2X_Extension_SCG_Lobby_Workspace\scg\src\main\resources
2017-05-08 16:21:33,022 [Worker-18] INFO  o.e.m.c.i.embedder.EclipseLogger - Using 'UTF-8' encoding to copy filtered resources.
2017-05-08 16:21:33,023 [Worker-18] INFO  o.e.m.c.i.embedder.EclipseLogger - skip non existing resourceDirectory D:\GitHub\SFS2X\SFS2X_Extension_SCG_Lobby\SFS2X_Extension_SCG_Lobby_Workspace\scg\src\test\resources
2017-05-08 16:23:48,901 [Worker-20] INFO  o.e.m.c.i.embedder.EclipseLogger - Using 'UTF-8' encoding to copy filtered resources.
2017-05-08 16:23:48,901 [Worker-20] INFO  o.e.m.c.i.embedder.EclipseLogger - skip non existing resourceDirectory D:\GitHub\SFS2X\SFS2X_Extension_SCG_Lobby\SFS2X_Extension_SCG_Lobby_Workspace\scg\src\main\resources
2017-05-08 16:23:48,902 [Worker-20] INFO  o.e.m.c.i.embedder.EclipseLogger - Using 'UTF-8' encoding to copy filtered resources.
2017-05-08 16:23:48,902 [Worker-20] INFO  o.e.m.c.i.embedder.EclipseLogger - skip non existing resourceDirectory D:\GitHub\SFS2X\SFS2X_Extension_SCG_Lobby\SFS2X_Extension_SCG_Lobby_Workspace\scg\src\test\resources
2017-05-08 16:25:18,816 [main] INFO  o.e.m2e.actions.ExecutePomAction - Creating new launch configuration
2017-05-08 16:25:20,936 [Worker-23] INFO  o.e.m.i.launch.MavenLaunchDelegate - D:\GitHub\SFS2X\SFS2X_Extension_SCG_Lobby\SFS2X_Extension_SCG_Lobby_Workspace\scg
2017-05-08 16:25:20,937 [Worker-23] INFO  o.e.m.i.launch.MavenLaunchDelegate -  mvn -B 
2017-05-08 16:25:32,257 [Worker-21] INFO  o.e.m.i.launch.MavenLaunchDelegate - D:\GitHub\SFS2X\SFS2X_Extension_SCG_Lobby\SFS2X_Extension_SCG_Lobby_Workspace\scg
2017-05-08 16:25:32,257 [Worker-21] INFO  o.e.m.i.launch.MavenLaunchDelegate -  mvn -B clean
2017-05-08 16:25:34,423 [Worker-19] INFO  o.e.m.c.i.embedder.EclipseLogger - Using 'UTF-8' encoding to copy filtered resources.
2017-05-08 16:25:34,423 [Worker-19] INFO  o.e.m.c.i.embedder.EclipseLogger - skip non existing resourceDirectory D:\GitHub\SFS2X\SFS2X_Extension_SCG_Lobby\SFS2X_Extension_SCG_Lobby_Workspace\scg\src\main\resources
2017-05-08 16:25:34,427 [Worker-19] INFO  o.e.m.c.i.embedder.EclipseLogger - Using 'UTF-8' encoding to copy filtered resources.
2017-05-08 16:25:34,427 [Worker-19] INFO  o.e.m.c.i.embedder.EclipseLogger - skip non existing resourceDirectory D:\GitHub\SFS2X\SFS2X_Extension_SCG_Lobby\SFS2X_Extension_SCG_Lobby_Workspace\scg\src\test\resources
2017-05-08 16:27:09,157 [main] INFO  o.e.m2e.actions.ExecutePomAction - Using existing launch configuration
2017-05-08 16:27:16,151 [Worker-20] INFO  o.e.m.i.launch.MavenLaunchDelegate - D:\GitHub\SFS2X\SFS2X_Extension_SCG_Lobby\SFS2X_Extension_SCG_Lobby_Workspace\scg
2017-05-08 16:27:16,151 [Worker-20] INFO  o.e.m.i.launch.MavenLaunchDelegate -  mvn -B package
2017-05-08 16:28:53,015 [Worker-20] INFO  o.e.m.c.i.embedder.EclipseLogger - Using 'UTF-8' encoding to copy filtered resources.
2017-05-08 16:28:53,015 [Worker-20] INFO  o.e.m.c.i.embedder.EclipseLogger - skip non existing resourceDirectory D:\GitHub\SFS2X\SFS2X_Extension_SCG_Lobby\SFS2X_Extension_SCG_Lobby_Workspace\scg\src\main\resources
2017-05-08 16:28:53,016 [Worker-20] INFO  o.e.m.c.i.embedder.EclipseLogger - Using 'UTF-8' encoding to copy filtered resources.
2017-05-08 16:28:53,016 [Worker-20] INFO  o.e.m.c.i.embedder.EclipseLogger - skip non existing resourceDirectory D:\GitHub\SFS2X\SFS2X_Extension_SCG_Lobby\SFS2X_Extension_SCG_Lobby_Workspace\scg\src\test\resources
2017-05-08 16:29:06,806 [main] INFO  o.e.m2e.actions.ExecutePomAction - Using existing launch configuration
2017-05-08 16:29:06,859 [Worker-2] INFO  o.e.m.i.launch.MavenLaunchDelegate - D:\GitHub\SFS2X\SFS2X_Extension_SCG_Lobby\SFS2X_Extension_SCG_Lobby_Workspace\scg
2017-05-08 16:29:06,860 [Worker-2] INFO  o.e.m.i.launch.MavenLaunchDelegate -  mvn -B package
2017-05-08 16:31:21,484 [Worker-22] INFO  o.e.m.c.i.embedder.EclipseLogger - Using 'UTF-8' encoding to copy filtered resources.
2017-05-08 16:31:21,485 [Worker-22] INFO  o.e.m.c.i.embedder.EclipseLogger - skip non existing resourceDirectory D:\GitHub\SFS2X\SFS2X_Extension_SCG_Lobby\SFS2X_Extension_SCG_Lobby_Workspace\scg\src\main\resources
2017-05-08 16:31:21,488 [Worker-22] INFO  o.e.m.c.i.embedder.EclipseLogger - Using 'UTF-8' encoding to copy filtered resources.
2017-05-08 16:31:21,488 [Worker-22] INFO  o.e.m.c.i.embedder.EclipseLogger - skip non existing resourceDirectory D:\GitHub\SFS2X\SFS2X_Extension_SCG_Lobby\SFS2X_Extension_SCG_Lobby_Workspace\scg\src\test\resources
2017-05-08 16:31:37,681 [Worker-2] INFO  o.e.m.c.i.embedder.EclipseLogger - Using 'UTF-8' encoding to copy filtered resources.
2017-05-08 16:31:37,682 [Worker-2] INFO  o.e.m.c.i.embedder.EclipseLogger - skip non existing resourceDirectory D:\GitHub\SFS2X\SFS2X_Extension_SCG_Lobby\SFS2X_Extension_SCG_Lobby_Workspace\scg\src\main\resources
2017-05-08 16:31:37,685 [Worker-2] INFO  o.e.m.c.i.embedder.EclipseLogger - Using 'UTF-8' encoding to copy filtered resources.
2017-05-08 16:31:37,685 [Worker-2] INFO  o.e.m.c.i.embedder.EclipseLogger - skip non existing resourceDirectory D:\GitHub\SFS2X\SFS2X_Extension_SCG_Lobby\SFS2X_Extension_SCG_Lobby_Workspace\scg\src\test\resources
2017-05-08 16:32:20,747 [Worker-20] INFO  o.e.m.c.i.embedder.EclipseLogger - Using 'UTF-8' encoding to copy filtered resources.
2017-05-08 16:32:20,747 [Worker-20] INFO  o.e.m.c.i.embedder.EclipseLogger - skip non existing resourceDirectory D:\GitHub\SFS2X\SFS2X_Extension_SCG_Lobby\SFS2X_Extension_SCG_Lobby_Workspace\scg\src\main\resources
2017-05-08 16:32:20,748 [Worker-20] INFO  o.e.m.c.i.embedder.EclipseLogger - Using 'UTF-8' encoding to copy filtered resources.
2017-05-08 16:32:20,749 [Worker-20] INFO  o.e.m.c.i.embedder.EclipseLogger - skip non existing resourceDirectory D:\GitHub\SFS2X\SFS2X_Extension_SCG_Lobby\SFS2X_Extension_SCG_Lobby_Workspace\scg\src\test\resources
2017-05-08 17:02:33,225 [Worker-4] INFO  o.e.m.c.i.embedder.EclipseLogger - Using 'UTF-8' encoding to copy filtered resources.
2017-05-08 17:02:33,225 [Worker-4] INFO  o.e.m.c.i.embedder.EclipseLogger - skip non existing resourceDirectory D:\GitHub\SFS2X\SFS2X_Extension_SCG_Lobby\SFS2X_Extension_SCG_Lobby_Workspace\scg\src\main\resources
2017-05-08 17:02:33,226 [Worker-4] INFO  o.e.m.c.i.embedder.EclipseLogger - Using 'UTF-8' encoding to copy filtered resources.
2017-05-08 17:02:33,226 [Worker-4] INFO  o.e.m.c.i.embedder.EclipseLogger - skip non existing resourceDirectory D:\GitHub\SFS2X\SFS2X_Extension_SCG_Lobby\SFS2X_Extension_SCG_Lobby_Workspace\scg\src\test\resources
2017-05-08 17:04:43,331 [Worker-23] INFO  o.e.m.c.i.embedder.EclipseLogger - Using 'UTF-8' encoding to copy filtered resources.
2017-05-08 17:04:43,332 [Worker-23] INFO  o.e.m.c.i.embedder.EclipseLogger - skip non existing resourceDirectory D:\GitHub\SFS2X\SFS2X_Extension_SCG_Lobby\SFS2X_Extension_SCG_Lobby_Workspace\scg\src\main\resources
2017-05-08 17:04:43,332 [Worker-23] INFO  o.e.m.c.i.embedder.EclipseLogger - Using 'UTF-8' encoding to copy filtered resources.
2017-05-08 17:04:43,333 [Worker-23] INFO  o.e.m.c.i.embedder.EclipseLogger - skip non existing resourceDirectory D:\GitHub\SFS2X\SFS2X_Extension_SCG_Lobby\SFS2X_Extension_SCG_Lobby_Workspace\scg\src\test\resources
2017-05-08 17:06:43,931 [Worker-24] INFO  o.e.m.c.i.l.LifecycleMappingFactory - Using org.eclipse.m2e.jdt.JarLifecycleMapping lifecycle mapping for MavenProject: scott:scg:0.0.1-SNAPSHOT @ D:\GitHub\SFS2X\SFS2X_Extension_SCG_Lobby\SFS2X_Extension_SCG_Lobby_Workspace\scg\pom.xml.
2017-05-08 17:06:44,132 [Worker-24] INFO  o.e.m.c.i.embedder.EclipseLogger - Using 'UTF-8' encoding to copy filtered resources.
2017-05-08 17:06:44,132 [Worker-24] INFO  o.e.m.c.i.embedder.EclipseLogger - skip non existing resourceDirectory D:\GitHub\SFS2X\SFS2X_Extension_SCG_Lobby\SFS2X_Extension_SCG_Lobby_Workspace\scg\src\main\resources
2017-05-08 17:06:44,134 [Worker-24] INFO  o.e.m.c.i.embedder.EclipseLogger - Using 'UTF-8' encoding to copy filtered resources.
2017-05-08 17:06:44,134 [Worker-24] INFO  o.e.m.c.i.embedder.EclipseLogger - skip non existing resourceDirectory D:\GitHub\SFS2X\SFS2X_Extension_SCG_Lobby\SFS2X_Extension_SCG_Lobby_Workspace\scg\src\test\resources
2017-05-08 17:07:01,495 [Worker-27] INFO  o.e.m.c.i.l.LifecycleMappingFactory - Using org.eclipse.m2e.jdt.JarLifecycleMapping lifecycle mapping for MavenProject: scott:scg:0.0.1-SNAPSHOT @ D:\GitHub\SFS2X\SFS2X_Extension_SCG_Lobby\SFS2X_Extension_SCG_Lobby_Workspace\scg\pom.xml.
2017-05-08 17:07:01,616 [Worker-27] INFO  o.e.m.c.i.embedder.EclipseLogger - Using 'UTF-8' encoding to copy filtered resources.
2017-05-08 17:07:01,616 [Worker-27] INFO  o.e.m.c.i.embedder.EclipseLogger - skip non existing resourceDirectory D:\GitHub\SFS2X\SFS2X_Extension_SCG_Lobby\SFS2X_Extension_SCG_Lobby_Workspace\scg\src\main\resources
2017-05-08 17:07:01,617 [Worker-27] INFO  o.e.m.c.i.embedder.EclipseLogger - Using 'UTF-8' encoding to copy filtered resources.
2017-05-08 17:07:01,618 [Worker-27] INFO  o.e.m.c.i.embedder.EclipseLogger - skip non existing resourceDirectory D:\GitHub\SFS2X\SFS2X_Extension_SCG_Lobby\SFS2X_Extension_SCG_Lobby_Workspace\scg\src\test\resources
2017-05-08 17:09:53,606 [Worker-24] INFO  o.e.m.c.i.l.LifecycleMappingFactory - Using org.eclipse.m2e.jdt.JarLifecycleMapping lifecycle mapping for MavenProject: scott:scg:0.0.1-SNAPSHOT @ D:\GitHub\SFS2X\SFS2X_Extension_SCG_Lobby\SFS2X_Extension_SCG_Lobby_Workspace\scg\pom.xml.
2017-05-08 17:09:53,727 [Worker-24] INFO  o.e.m.c.i.embedder.EclipseLogger - Using 'UTF-8' encoding to copy filtered resources.
2017-05-08 17:09:53,728 [Worker-24] INFO  o.e.m.c.i.embedder.EclipseLogger - skip non existing resourceDirectory D:\GitHub\SFS2X\SFS2X_Extension_SCG_Lobby\SFS2X_Extension_SCG_Lobby_Workspace\scg\src\main\resources
2017-05-08 17:09:53,730 [Worker-24] INFO  o.e.m.c.i.embedder.EclipseLogger - Using 'UTF-8' encoding to copy filtered resources.
2017-05-08 17:09:53,730 [Worker-24] INFO  o.e.m.c.i.embedder.EclipseLogger - skip non existing resourceDirectory D:\GitHub\SFS2X\SFS2X_Extension_SCG_Lobby\SFS2X_Extension_SCG_Lobby_Workspace\scg\src\test\resources
2017-05-08 17:09:55,014 [Worker-27] INFO  o.e.m.c.i.embedder.EclipseLogger - Using 'UTF-8' encoding to copy filtered resources.
2017-05-08 17:09:55,014 [Worker-27] INFO  o.e.m.c.i.embedder.EclipseLogger - skip non existing resourceDirectory D:\GitHub\SFS2X\SFS2X_Extension_SCG_Lobby\SFS2X_Extension_SCG_Lobby_Workspace\scg\src\main\resources
2017-05-08 17:09:55,015 [Worker-27] INFO  o.e.m.c.i.embedder.EclipseLogger - Using 'UTF-8' encoding to copy filtered resources.
2017-05-08 17:09:55,015 [Worker-27] INFO  o.e.m.c.i.embedder.EclipseLogger - skip non existing resourceDirectory D:\GitHub\SFS2X\SFS2X_Extension_SCG_Lobby\SFS2X_Extension_SCG_Lobby_Workspace\scg\src\test\resources
2017-05-08 17:12:53,090 [Worker-23] INFO  o.e.m.c.i.embedder.EclipseLogger - Using 'UTF-8' encoding to copy filtered resources.
2017-05-08 17:12:53,090 [Worker-23] INFO  o.e.m.c.i.embedder.EclipseLogger - skip non existing resourceDirectory D:\GitHub\SFS2X\SFS2X_Extension_SCG_Lobby\SFS2X_Extension_SCG_Lobby_Workspace\scg\src\main\resources
2017-05-08 17:12:53,092 [Worker-23] INFO  o.e.m.c.i.embedder.EclipseLogger - Using 'UTF-8' encoding to copy filtered resources.
2017-05-08 17:12:53,092 [Worker-23] INFO  o.e.m.c.i.embedder.EclipseLogger - skip non existing resourceDirectory D:\GitHub\SFS2X\SFS2X_Extension_SCG_Lobby\SFS2X_Extension_SCG_Lobby_Workspace\scg\src\test\resources
2017-05-08 17:14:11,261 [Worker-25] INFO  o.e.m.c.i.embedder.EclipseLogger - Using 'UTF-8' encoding to copy filtered resources.
2017-05-08 17:14:11,261 [Worker-25] INFO  o.e.m.c.i.embedder.EclipseLogger - skip non existing resourceDirectory D:\GitHub\SFS2X\SFS2X_Extension_SCG_Lobby\SFS2X_Extension_SCG_Lobby_Workspace\scg\src\main\resources
2017-05-08 17:14:11,262 [Worker-25] INFO  o.e.m.c.i.embedder.EclipseLogger - Using 'UTF-8' encoding to copy filtered resources.
2017-05-08 17:14:11,263 [Worker-25] INFO  o.e.m.c.i.embedder.EclipseLogger - skip non existing resourceDirectory D:\GitHub\SFS2X\SFS2X_Extension_SCG_Lobby\SFS2X_Extension_SCG_Lobby_Workspace\scg\src\test\resources
2017-05-08 17:15:18,752 [Worker-26] INFO  o.e.m.i.launch.MavenLaunchDelegate - D:\GitHub\SFS2X\SFS2X_Extension_SCG_Lobby\SFS2X_Extension_SCG_Lobby_Workspace\scg
2017-05-08 17:15:18,752 [Worker-26] INFO  o.e.m.i.launch.MavenLaunchDelegate -  mvn -B clean
2017-05-08 17:15:22,154 [Worker-23] INFO  o.e.m.c.i.embedder.EclipseLogger - Using 'UTF-8' encoding to copy filtered resources.
2017-05-08 17:15:22,155 [Worker-23] INFO  o.e.m.c.i.embedder.EclipseLogger - skip non existing resourceDirectory D:\GitHub\SFS2X\SFS2X_Extension_SCG_Lobby\SFS2X_Extension_SCG_Lobby_Workspace\scg\src\main\resources
2017-05-08 17:15:22,156 [Worker-23] INFO  o.e.m.c.i.embedder.EclipseLogger - Using 'UTF-8' encoding to copy filtered resources.
2017-05-08 17:15:22,157 [Worker-23] INFO  o.e.m.c.i.embedder.EclipseLogger - skip non existing resourceDirectory D:\GitHub\SFS2X\SFS2X_Extension_SCG_Lobby\SFS2X_Extension_SCG_Lobby_Workspace\scg\src\test\resources
2017-05-08 17:15:28,365 [main] INFO  o.e.m2e.actions.ExecutePomAction - Using existing launch configuration
2017-05-08 17:15:28,428 [Worker-27] INFO  o.e.m.i.launch.MavenLaunchDelegate - D:\GitHub\SFS2X\SFS2X_Extension_SCG_Lobby\SFS2X_Extension_SCG_Lobby_Workspace\scg
2017-05-08 17:15:28,428 [Worker-27] INFO  o.e.m.i.launch.MavenLaunchDelegate -  mvn -B package
2017-05-08 17:15:52,209 [Worker-28] INFO  o.e.m.c.i.embedder.EclipseLogger - Using 'UTF-8' encoding to copy filtered resources.
2017-05-08 17:15:52,209 [Worker-28] INFO  o.e.m.c.i.embedder.EclipseLogger - skip non existing resourceDirectory D:\GitHub\SFS2X\SFS2X_Extension_SCG_Lobby\SFS2X_Extension_SCG_Lobby_Workspace\scg\src\main\resources
2017-05-08 17:15:52,211 [Worker-28] INFO  o.e.m.c.i.embedder.EclipseLogger - Using 'UTF-8' encoding to copy filtered resources.
2017-05-08 17:15:52,211 [Worker-28] INFO  o.e.m.c.i.embedder.EclipseLogger - skip non existing resourceDirectory D:\GitHub\SFS2X\SFS2X_Extension_SCG_Lobby\SFS2X_Extension_SCG_Lobby_Workspace\scg\src\test\resources
2017-05-08 17:16:10,971 [Worker-25] INFO  o.e.m.c.i.embedder.EclipseLogger - Using 'UTF-8' encoding to copy filtered resources.
2017-05-08 17:16:10,971 [Worker-25] INFO  o.e.m.c.i.embedder.EclipseLogger - skip non existing resourceDirectory D:\GitHub\SFS2X\SFS2X_Extension_SCG_Lobby\SFS2X_Extension_SCG_Lobby_Workspace\scg\src\main\resources
2017-05-08 17:16:10,972 [Worker-25] INFO  o.e.m.c.i.embedder.EclipseLogger - Using 'UTF-8' encoding to copy filtered resources.
2017-05-08 17:16:10,973 [Worker-25] INFO  o.e.m.c.i.embedder.EclipseLogger - skip non existing resourceDirectory D:\GitHub\SFS2X\SFS2X_Extension_SCG_Lobby\SFS2X_Extension_SCG_Lobby_Workspace\scg\src\test\resources
2017-05-08 17:18:51,580 [Worker-25] INFO  o.e.m.c.i.embedder.EclipseLogger - Using 'UTF-8' encoding to copy filtered resources.
2017-05-08 17:18:51,580 [Worker-25] INFO  o.e.m.c.i.embedder.EclipseLogger - skip non existing resourceDirectory D:\GitHub\SFS2X\SFS2X_Extension_SCG_Lobby\SFS2X_Extension_SCG_Lobby_Workspace\scg\src\main\resources
2017-05-08 17:18:51,582 [Worker-25] INFO  o.e.m.c.i.embedder.EclipseLogger - Using 'UTF-8' encoding to copy filtered resources.
2017-05-08 17:18:51,582 [Worker-25] INFO  o.e.m.c.i.embedder.EclipseLogger - skip non existing resourceDirectory D:\GitHub\SFS2X\SFS2X_Extension_SCG_Lobby\SFS2X_Extension_SCG_Lobby_Workspace\scg\src\test\resources
2017-05-08 17:19:26,240 [Worker-26] INFO  o.e.m.c.i.embedder.EclipseLogger - Using 'UTF-8' encoding to copy filtered resources.
2017-05-08 17:19:26,240 [Worker-26] INFO  o.e.m.c.i.embedder.EclipseLogger - skip non existing resourceDirectory D:\GitHub\SFS2X\SFS2X_Extension_SCG_Lobby\SFS2X_Extension_SCG_Lobby_Workspace\scg\src\main\resources
2017-05-08 17:19:26,241 [Worker-26] INFO  o.e.m.c.i.embedder.EclipseLogger - Using 'UTF-8' encoding to copy filtered resources.
2017-05-08 17:19:26,242 [Worker-26] INFO  o.e.m.c.i.embedder.EclipseLogger - skip non existing resourceDirectory D:\GitHub\SFS2X\SFS2X_Extension_SCG_Lobby\SFS2X_Extension_SCG_Lobby_Workspace\scg\src\test\resources
2017-05-08 17:19:44,735 [Worker-26] INFO  o.e.m.c.i.embedder.EclipseLogger - Using 'UTF-8' encoding to copy filtered resources.
2017-05-08 17:19:44,735 [Worker-26] INFO  o.e.m.c.i.embedder.EclipseLogger - skip non existing resourceDirectory D:\GitHub\SFS2X\SFS2X_Extension_SCG_Lobby\SFS2X_Extension_SCG_Lobby_Workspace\scg\src\main\resources
2017-05-08 17:19:44,736 [Worker-26] INFO  o.e.m.c.i.embedder.EclipseLogger - Using 'UTF-8' encoding to copy filtered resources.
2017-05-08 17:19:44,737 [Worker-26] INFO  o.e.m.c.i.embedder.EclipseLogger - skip non existing resourceDirectory D:\GitHub\SFS2X\SFS2X_Extension_SCG_Lobby\SFS2X_Extension_SCG_Lobby_Workspace\scg\src\test\resources
2017-05-08 17:19:53,720 [Worker-26] INFO  o.e.m.c.i.embedder.EclipseLogger - Using 'UTF-8' encoding to copy filtered resources.
2017-05-08 17:19:53,720 [Worker-26] INFO  o.e.m.c.i.embedder.EclipseLogger - skip non existing resourceDirectory D:\GitHub\SFS2X\SFS2X_Extension_SCG_Lobby\SFS2X_Extension_SCG_Lobby_Workspace\scg\src\main\resources
2017-05-08 17:19:53,721 [Worker-26] INFO  o.e.m.c.i.embedder.EclipseLogger - Using 'UTF-8' encoding to copy filtered resources.
2017-05-08 17:19:53,721 [Worker-26] INFO  o.e.m.c.i.embedder.EclipseLogger - skip non existing resourceDirectory D:\GitHub\SFS2X\SFS2X_Extension_SCG_Lobby\SFS2X_Extension_SCG_Lobby_Workspace\scg\src\test\resources
2017-05-08 17:20:09,094 [Worker-27] INFO  o.e.m.c.i.embedder.EclipseLogger - Using 'UTF-8' encoding to copy filtered resources.
2017-05-08 17:20:09,094 [Worker-27] INFO  o.e.m.c.i.embedder.EclipseLogger - skip non existing resourceDirectory D:\GitHub\SFS2X\SFS2X_Extension_SCG_Lobby\SFS2X_Extension_SCG_Lobby_Workspace\scg\src\main\resources
2017-05-08 17:20:09,095 [Worker-27] INFO  o.e.m.c.i.embedder.EclipseLogger - Using 'UTF-8' encoding to copy filtered resources.
2017-05-08 17:20:09,095 [Worker-27] INFO  o.e.m.c.i.embedder.EclipseLogger - skip non existing resourceDirectory D:\GitHub\SFS2X\SFS2X_Extension_SCG_Lobby\SFS2X_Extension_SCG_Lobby_Workspace\scg\src\test\resources
2017-05-08 17:20:37,609 [Worker-27] INFO  o.e.m.c.i.embedder.EclipseLogger - Using 'UTF-8' encoding to copy filtered resources.
2017-05-08 17:20:37,610 [Worker-27] INFO  o.e.m.c.i.embedder.EclipseLogger - skip non existing resourceDirectory D:\GitHub\SFS2X\SFS2X_Extension_SCG_Lobby\SFS2X_Extension_SCG_Lobby_Workspace\scg\src\main\resources
2017-05-08 17:20:37,610 [Worker-27] INFO  o.e.m.c.i.embedder.EclipseLogger - Using 'UTF-8' encoding to copy filtered resources.
2017-05-08 17:20:37,610 [Worker-27] INFO  o.e.m.c.i.embedder.EclipseLogger - skip non existing resourceDirectory D:\GitHub\SFS2X\SFS2X_Extension_SCG_Lobby\SFS2X_Extension_SCG_Lobby_Workspace\scg\src\test\resources
2017-05-08 17:20:58,518 [Worker-27] INFO  o.e.m.c.i.embedder.EclipseLogger - Using 'UTF-8' encoding to copy filtered resources.
2017-05-08 17:20:58,519 [Worker-27] INFO  o.e.m.c.i.embedder.EclipseLogger - skip non existing resourceDirectory D:\GitHub\SFS2X\SFS2X_Extension_SCG_Lobby\SFS2X_Extension_SCG_Lobby_Workspace\scg\src\main\resources
2017-05-08 17:20:58,520 [Worker-27] INFO  o.e.m.c.i.embedder.EclipseLogger - Using 'UTF-8' encoding to copy filtered resources.
2017-05-08 17:20:58,520 [Worker-27] INFO  o.e.m.c.i.embedder.EclipseLogger - skip non existing resourceDirectory D:\GitHub\SFS2X\SFS2X_Extension_SCG_Lobby\SFS2X_Extension_SCG_Lobby_Workspace\scg\src\test\resources
2017-05-08 17:21:29,935 [Worker-27] INFO  o.e.m.c.i.embedder.EclipseLogger - Using 'UTF-8' encoding to copy filtered resources.
2017-05-08 17:21:29,935 [Worker-27] INFO  o.e.m.c.i.embedder.EclipseLogger - skip non existing resourceDirectory D:\GitHub\SFS2X\SFS2X_Extension_SCG_Lobby\SFS2X_Extension_SCG_Lobby_Workspace\scg\src\main\resources
2017-05-08 17:21:29,936 [Worker-27] INFO  o.e.m.c.i.embedder.EclipseLogger - Using 'UTF-8' encoding to copy filtered resources.
2017-05-08 17:21:29,936 [Worker-27] INFO  o.e.m.c.i.embedder.EclipseLogger - skip non existing resourceDirectory D:\GitHub\SFS2X\SFS2X_Extension_SCG_Lobby\SFS2X_Extension_SCG_Lobby_Workspace\scg\src\test\resources
2017-05-08 17:21:55,543 [Worker-28] INFO  o.e.m.c.i.embedder.EclipseLogger - Using 'UTF-8' encoding to copy filtered resources.
2017-05-08 17:21:55,544 [Worker-28] INFO  o.e.m.c.i.embedder.EclipseLogger - skip non existing resourceDirectory D:\GitHub\SFS2X\SFS2X_Extension_SCG_Lobby\SFS2X_Extension_SCG_Lobby_Workspace\scg\src\main\resources
2017-05-08 17:21:55,546 [Worker-28] INFO  o.e.m.c.i.embedder.EclipseLogger - Using 'UTF-8' encoding to copy filtered resources.
2017-05-08 17:21:55,546 [Worker-28] INFO  o.e.m.c.i.embedder.EclipseLogger - skip non existing resourceDirectory D:\GitHub\SFS2X\SFS2X_Extension_SCG_Lobby\SFS2X_Extension_SCG_Lobby_Workspace\scg\src\test\resources
2017-05-08 17:21:56,646 [Worker-27] INFO  o.e.m.c.i.embedder.EclipseLogger - Using 'UTF-8' encoding to copy filtered resources.
2017-05-08 17:21:56,646 [Worker-27] INFO  o.e.m.c.i.embedder.EclipseLogger - skip non existing resourceDirectory D:\GitHub\SFS2X\SFS2X_Extension_SCG_Lobby\SFS2X_Extension_SCG_Lobby_Workspace\scg\src\main\resources
2017-05-08 17:21:56,648 [Worker-27] INFO  o.e.m.c.i.embedder.EclipseLogger - Using 'UTF-8' encoding to copy filtered resources.
2017-05-08 17:21:56,648 [Worker-27] INFO  o.e.m.c.i.embedder.EclipseLogger - skip non existing resourceDirectory D:\GitHub\SFS2X\SFS2X_Extension_SCG_Lobby\SFS2X_Extension_SCG_Lobby_Workspace\scg\src\test\resources
2017-05-08 17:22:29,736 [Worker-29] INFO  o.e.m.c.i.embedder.EclipseLogger - Using 'UTF-8' encoding to copy filtered resources.
2017-05-08 17:22:29,737 [Worker-29] INFO  o.e.m.c.i.embedder.EclipseLogger - skip non existing resourceDirectory D:\GitHub\SFS2X\SFS2X_Extension_SCG_Lobby\SFS2X_Extension_SCG_Lobby_Workspace\scg\src\main\resources
2017-05-08 17:22:29,738 [Worker-29] INFO  o.e.m.c.i.embedder.EclipseLogger - Using 'UTF-8' encoding to copy filtered resources.
2017-05-08 17:22:29,739 [Worker-29] INFO  o.e.m.c.i.embedder.EclipseLogger - skip non existing resourceDirectory D:\GitHub\SFS2X\SFS2X_Extension_SCG_Lobby\SFS2X_Extension_SCG_Lobby_Workspace\scg\src\test\resources
2017-05-08 17:23:07,524 [Worker-23] INFO  o.e.m.c.i.embedder.EclipseLogger - Using 'UTF-8' encoding to copy filtered resources.
2017-05-08 17:23:07,524 [Worker-23] INFO  o.e.m.c.i.embedder.EclipseLogger - skip non existing resourceDirectory D:\GitHub\SFS2X\SFS2X_Extension_SCG_Lobby\SFS2X_Extension_SCG_Lobby_Workspace\scg\src\main\resources
2017-05-08 17:23:07,525 [Worker-23] INFO  o.e.m.c.i.embedder.EclipseLogger - Using 'UTF-8' encoding to copy filtered resources.
2017-05-08 17:23:07,525 [Worker-23] INFO  o.e.m.c.i.embedder.EclipseLogger - skip non existing resourceDirectory D:\GitHub\SFS2X\SFS2X_Extension_SCG_Lobby\SFS2X_Extension_SCG_Lobby_Workspace\scg\src\test\resources
2017-05-08 17:23:48,427 [Worker-26] INFO  o.e.m.c.i.embedder.EclipseLogger - Using 'UTF-8' encoding to copy filtered resources.
2017-05-08 17:23:48,427 [Worker-26] INFO  o.e.m.c.i.embedder.EclipseLogger - skip non existing resourceDirectory D:\GitHub\SFS2X\SFS2X_Extension_SCG_Lobby\SFS2X_Extension_SCG_Lobby_Workspace\scg\src\main\resources
2017-05-08 17:23:48,428 [Worker-26] INFO  o.e.m.c.i.embedder.EclipseLogger - Using 'UTF-8' encoding to copy filtered resources.
2017-05-08 17:23:48,429 [Worker-26] INFO  o.e.m.c.i.embedder.EclipseLogger - skip non existing resourceDirectory D:\GitHub\SFS2X\SFS2X_Extension_SCG_Lobby\SFS2X_Extension_SCG_Lobby_Workspace\scg\src\test\resources
2017-05-08 17:24:42,109 [Worker-25] INFO  o.e.m.c.i.embedder.EclipseLogger - Using 'UTF-8' encoding to copy filtered resources.
2017-05-08 17:24:42,110 [Worker-25] INFO  o.e.m.c.i.embedder.EclipseLogger - skip non existing resourceDirectory D:\GitHub\SFS2X\SFS2X_Extension_SCG_Lobby\SFS2X_Extension_SCG_Lobby_Workspace\scg\src\main\resources
2017-05-08 17:24:42,111 [Worker-25] INFO  o.e.m.c.i.embedder.EclipseLogger - Using 'UTF-8' encoding to copy filtered resources.
2017-05-08 17:24:42,111 [Worker-25] INFO  o.e.m.c.i.embedder.EclipseLogger - skip non existing resourceDirectory D:\GitHub\SFS2X\SFS2X_Extension_SCG_Lobby\SFS2X_Extension_SCG_Lobby_Workspace\scg\src\test\resources
2017-05-08 17:25:28,720 [Worker-26] INFO  o.e.m.c.i.embedder.EclipseLogger - Using 'UTF-8' encoding to copy filtered resources.
2017-05-08 17:25:28,720 [Worker-26] INFO  o.e.m.c.i.embedder.EclipseLogger - skip non existing resourceDirectory D:\GitHub\SFS2X\SFS2X_Extension_SCG_Lobby\SFS2X_Extension_SCG_Lobby_Workspace\scg\src\main\resources
2017-05-08 17:25:28,721 [Worker-26] INFO  o.e.m.c.i.embedder.EclipseLogger - Using 'UTF-8' encoding to copy filtered resources.
2017-05-08 17:25:28,721 [Worker-26] INFO  o.e.m.c.i.embedder.EclipseLogger - skip non existing resourceDirectory D:\GitHub\SFS2X\SFS2X_Extension_SCG_Lobby\SFS2X_Extension_SCG_Lobby_Workspace\scg\src\test\resources
2017-05-08 17:25:57,619 [Worker-28] INFO  o.e.m.c.i.embedder.EclipseLogger - Using 'UTF-8' encoding to copy filtered resources.
2017-05-08 17:25:57,619 [Worker-28] INFO  o.e.m.c.i.embedder.EclipseLogger - skip non existing resourceDirectory D:\GitHub\SFS2X\SFS2X_Extension_SCG_Lobby\SFS2X_Extension_SCG_Lobby_Workspace\scg\src\main\resources
2017-05-08 17:25:57,620 [Worker-28] INFO  o.e.m.c.i.embedder.EclipseLogger - Using 'UTF-8' encoding to copy filtered resources.
2017-05-08 17:25:57,621 [Worker-28] INFO  o.e.m.c.i.embedder.EclipseLogger - skip non existing resourceDirectory D:\GitHub\SFS2X\SFS2X_Extension_SCG_Lobby\SFS2X_Extension_SCG_Lobby_Workspace\scg\src\test\resources
2017-05-08 17:26:05,732 [Worker-26] INFO  o.e.m.c.i.embedder.EclipseLogger - Using 'UTF-8' encoding to copy filtered resources.
2017-05-08 17:26:05,733 [Worker-26] INFO  o.e.m.c.i.embedder.EclipseLogger - skip non existing resourceDirectory D:\GitHub\SFS2X\SFS2X_Extension_SCG_Lobby\SFS2X_Extension_SCG_Lobby_Workspace\scg\src\main\resources
2017-05-08 17:26:05,735 [Worker-26] INFO  o.e.m.c.i.embedder.EclipseLogger - Using 'UTF-8' encoding to copy filtered resources.
2017-05-08 17:26:05,736 [Worker-26] INFO  o.e.m.c.i.embedder.EclipseLogger - skip non existing resourceDirectory D:\GitHub\SFS2X\SFS2X_Extension_SCG_Lobby\SFS2X_Extension_SCG_Lobby_Workspace\scg\src\test\resources
2017-05-08 17:26:18,856 [main] INFO  o.e.m2e.actions.ExecutePomAction - Using existing launch configuration
2017-05-08 17:26:18,927 [Worker-25] INFO  o.e.m.i.launch.MavenLaunchDelegate - D:\GitHub\SFS2X\SFS2X_Extension_SCG_Lobby\SFS2X_Extension_SCG_Lobby_Workspace\scg
2017-05-08 17:26:18,927 [Worker-25] INFO  o.e.m.i.launch.MavenLaunchDelegate -  mvn -B package
2017-05-08 17:26:27,618 [Worker-26] INFO  o.e.m.c.i.embedder.EclipseLogger - Using 'UTF-8' encoding to copy filtered resources.
2017-05-08 17:26:27,618 [Worker-26] INFO  o.e.m.c.i.embedder.EclipseLogger - skip non existing resourceDirectory D:\GitHub\SFS2X\SFS2X_Extension_SCG_Lobby\SFS2X_Extension_SCG_Lobby_Workspace\scg\src\main\resources
2017-05-08 17:26:27,620 [Worker-26] INFO  o.e.m.c.i.embedder.EclipseLogger - Using 'UTF-8' encoding to copy filtered resources.
2017-05-08 17:26:27,620 [Worker-26] INFO  o.e.m.c.i.embedder.EclipseLogger - skip non existing resourceDirectory D:\GitHub\SFS2X\SFS2X_Extension_SCG_Lobby\SFS2X_Extension_SCG_Lobby_Workspace\scg\src\test\resources
2017-05-08 17:39:02,007 [Worker-32] INFO  o.e.m.c.i.l.LifecycleMappingFactory - Using org.eclipse.m2e.jdt.JarLifecycleMapping lifecycle mapping for MavenProject: scott:scg:SCG_Extension @ D:\GitHub\SFS2X\SFS2X_Extension_SCG_Lobby\SFS2X_Extension_SCG_Lobby_Workspace\scg\pom.xml.
2017-05-08 17:39:02,193 [Worker-32] INFO  o.e.m.c.i.embedder.EclipseLogger - Using 'UTF-8' encoding to copy filtered resources.
2017-05-08 17:39:02,193 [Worker-32] INFO  o.e.m.c.i.embedder.EclipseLogger - skip non existing resourceDirectory D:\GitHub\SFS2X\SFS2X_Extension_SCG_Lobby\SFS2X_Extension_SCG_Lobby_Workspace\scg\src\main\resources
2017-05-08 17:39:02,196 [Worker-32] INFO  o.e.m.c.i.embedder.EclipseLogger - Using 'UTF-8' encoding to copy filtered resources.
2017-05-08 17:39:02,196 [Worker-32] INFO  o.e.m.c.i.embedder.EclipseLogger - skip non existing resourceDirectory D:\GitHub\SFS2X\SFS2X_Extension_SCG_Lobby\SFS2X_Extension_SCG_Lobby_Workspace\scg\src\test\resources
2017-05-08 17:39:05,694 [main] INFO  o.e.m2e.actions.ExecutePomAction - Using existing launch configuration
2017-05-08 17:39:05,741 [Worker-27] INFO  o.e.m.i.launch.MavenLaunchDelegate - D:\GitHub\SFS2X\SFS2X_Extension_SCG_Lobby\SFS2X_Extension_SCG_Lobby_Workspace\scg
2017-05-08 17:39:05,742 [Worker-27] INFO  o.e.m.i.launch.MavenLaunchDelegate -  mvn -B package
2017-05-08 17:39:13,758 [Worker-25] INFO  o.e.m.c.i.embedder.EclipseLogger - Using 'UTF-8' encoding to copy filtered resources.
2017-05-08 17:39:13,758 [Worker-25] INFO  o.e.m.c.i.embedder.EclipseLogger - skip non existing resourceDirectory D:\GitHub\SFS2X\SFS2X_Extension_SCG_Lobby\SFS2X_Extension_SCG_Lobby_Workspace\scg\src\main\resources
2017-05-08 17:39:13,760 [Worker-25] INFO  o.e.m.c.i.embedder.EclipseLogger - Using 'UTF-8' encoding to copy filtered resources.
2017-05-08 17:39:13,761 [Worker-25] INFO  o.e.m.c.i.embedder.EclipseLogger - skip non existing resourceDirectory D:\GitHub\SFS2X\SFS2X_Extension_SCG_Lobby\SFS2X_Extension_SCG_Lobby_Workspace\scg\src\test\resources
2017-05-08 17:43:53,844 [Worker-34] INFO  o.e.m.c.i.l.LifecycleMappingFactory - Using org.eclipse.m2e.jdt.JarLifecycleMapping lifecycle mapping for MavenProject: scott:scg:0.0.1-SCG_Extension @ D:\GitHub\SFS2X\SFS2X_Extension_SCG_Lobby\SFS2X_Extension_SCG_Lobby_Workspace\scg\pom.xml.
2017-05-08 17:43:53,991 [Worker-34] INFO  o.e.m.c.i.embedder.EclipseLogger - Using 'UTF-8' encoding to copy filtered resources.
2017-05-08 17:43:53,991 [Worker-34] INFO  o.e.m.c.i.embedder.EclipseLogger - skip non existing resourceDirectory D:\GitHub\SFS2X\SFS2X_Extension_SCG_Lobby\SFS2X_Extension_SCG_Lobby_Workspace\scg\src\main\resources
2017-05-08 17:43:53,993 [Worker-34] INFO  o.e.m.c.i.embedder.EclipseLogger - Using 'UTF-8' encoding to copy filtered resources.
2017-05-08 17:43:53,993 [Worker-34] INFO  o.e.m.c.i.embedder.EclipseLogger - skip non existing resourceDirectory D:\GitHub\SFS2X\SFS2X_Extension_SCG_Lobby\SFS2X_Extension_SCG_Lobby_Workspace\scg\src\test\resources
2017-05-08 17:50:43,703 [Worker-25] INFO  o.e.m.c.i.l.LifecycleMappingFactory - Using org.eclipse.m2e.jdt.JarLifecycleMapping lifecycle mapping for MavenProject: scott:scg:0.0.1-SCG_Extension @ D:\GitHub\SFS2X\SFS2X_Extension_SCG_Lobby\SFS2X_Extension_SCG_Lobby_Workspace\scg\pom.xml.
2017-05-08 17:50:44,353 [Worker-32] INFO  o.e.m.c.i.e.AbstractTransferListenerAdapter - Downloading https://repo.maven.apache.org/maven2/org/mongodb/mongo-java-driver/3.4.2/mongo-java-driver-3.4.2.pom
2017-05-08 17:50:44,527 [Worker-32] INFO  o.e.m.c.i.e.AbstractTransferListenerAdapter - Downloaded https://repo.maven.apache.org/maven2/org/mongodb/mongo-java-driver/3.4.2/mongo-java-driver-3.4.2.pom
2017-05-08 17:50:44,584 [Worker-25] INFO  o.e.m.c.i.e.AbstractTransferListenerAdapter - Downloading https://repo.maven.apache.org/maven2/org/mongodb/mongo-java-driver/3.4.2/mongo-java-driver-3.4.2.pom
2017-05-08 17:50:44,719 [Worker-32] INFO  o.e.m.c.i.e.AbstractTransferListenerAdapter - Downloading https://repo.maven.apache.org/maven2/org/mongodb/mongo-java-driver/3.4.2/mongo-java-driver-3.4.2.jar
2017-05-08 17:50:44,762 [Worker-25] INFO  o.e.m.c.i.e.AbstractTransferListenerAdapter - Downloaded https://repo.maven.apache.org/maven2/org/mongodb/mongo-java-driver/3.4.2/mongo-java-driver-3.4.2.pom
2017-05-08 17:50:44,954 [Worker-25] INFO  o.e.m.c.i.e.AbstractTransferListenerAdapter - Downloading https://repo.maven.apache.org/maven2/org/mongodb/mongo-java-driver/3.4.2/mongo-java-driver-3.4.2.jar
2017-05-08 17:50:50,269 [Worker-32] INFO  o.e.m.c.i.e.AbstractTransferListenerAdapter - Downloaded https://repo.maven.apache.org/maven2/org/mongodb/mongo-java-driver/3.4.2/mongo-java-driver-3.4.2.jar
2017-05-08 17:50:51,588 [Worker-25] INFO  o.e.m.c.i.e.AbstractTransferListenerAdapter - Downloaded https://repo.maven.apache.org/maven2/org/mongodb/mongo-java-driver/3.4.2/mongo-java-driver-3.4.2.jar
2017-05-08 17:50:51,797 [Worker-25] INFO  o.e.m.c.i.embedder.EclipseLogger - Using 'UTF-8' encoding to copy filtered resources.
2017-05-08 17:50:51,797 [Worker-25] INFO  o.e.m.c.i.embedder.EclipseLogger - skip non existing resourceDirectory D:\GitHub\SFS2X\SFS2X_Extension_SCG_Lobby\SFS2X_Extension_SCG_Lobby_Workspace\scg\src\main\resources
2017-05-08 17:50:51,800 [Worker-25] INFO  o.e.m.c.i.embedder.EclipseLogger - Using 'UTF-8' encoding to copy filtered resources.
2017-05-08 17:50:51,800 [Worker-25] INFO  o.e.m.c.i.embedder.EclipseLogger - skip non existing resourceDirectory D:\GitHub\SFS2X\SFS2X_Extension_SCG_Lobby\SFS2X_Extension_SCG_Lobby_Workspace\scg\src\test\resources
2017-05-08 17:50:51,958 [Worker-36] INFO  o.e.m.c.i.p.ProjectConfigurationManager - Update started
2017-05-08 17:50:52,251 [Worker-36] INFO  o.e.m.c.i.l.LifecycleMappingFactory - Using org.eclipse.m2e.jdt.JarLifecycleMapping lifecycle mapping for MavenProject: scott:scg:0.0.1-SCG_Extension @ D:\GitHub\SFS2X\SFS2X_Extension_SCG_Lobby\SFS2X_Extension_SCG_Lobby_Workspace\scg\pom.xml.
2017-05-08 17:50:52,356 [Worker-36] INFO  o.e.m.j.i.AbstractJavaProjectConfigurator - Adding source folder /scg/src/main/java
2017-05-08 17:50:52,356 [Worker-36] INFO  o.e.m.j.i.AbstractJavaProjectConfigurator - Adding source folder /scg/src/test/java
2017-05-08 17:50:52,436 [Worker-36] INFO  o.e.m.c.i.p.ProjectConfigurationManager - Update completed: 0 sec
2017-05-08 17:50:53,070 [Worker-32] INFO  o.e.m.c.i.embedder.EclipseLogger - Using 'UTF-8' encoding to copy filtered resources.
2017-05-08 17:50:53,071 [Worker-32] INFO  o.e.m.c.i.embedder.EclipseLogger - skip non existing resourceDirectory D:\GitHub\SFS2X\SFS2X_Extension_SCG_Lobby\SFS2X_Extension_SCG_Lobby_Workspace\scg\src\main\resources
2017-05-08 17:50:53,072 [Worker-32] INFO  o.e.m.c.i.embedder.EclipseLogger - Using 'UTF-8' encoding to copy filtered resources.
2017-05-08 17:50:53,073 [Worker-32] INFO  o.e.m.c.i.embedder.EclipseLogger - skip non existing resourceDirectory D:\GitHub\SFS2X\SFS2X_Extension_SCG_Lobby\SFS2X_Extension_SCG_Lobby_Workspace\scg\src\test\resources
2017-05-08 17:51:09,595 [Worker-37] INFO  o.e.m.c.i.embedder.EclipseLogger - Using 'UTF-8' encoding to copy filtered resources.
2017-05-08 17:51:09,596 [Worker-37] INFO  o.e.m.c.i.embedder.EclipseLogger - skip non existing resourceDirectory D:\GitHub\SFS2X\SFS2X_Extension_SCG_Lobby\SFS2X_Extension_SCG_Lobby_Workspace\scg\src\main\resources
2017-05-08 17:51:09,597 [Worker-37] INFO  o.e.m.c.i.embedder.EclipseLogger - Using 'UTF-8' encoding to copy filtered resources.
2017-05-08 17:51:09,597 [Worker-37] INFO  o.e.m.c.i.embedder.EclipseLogger - skip non existing resourceDirectory D:\GitHub\SFS2X\SFS2X_Extension_SCG_Lobby\SFS2X_Extension_SCG_Lobby_Workspace\scg\src\test\resources
2017-05-08 17:51:17,240 [Worker-32] INFO  o.e.m.i.launch.MavenLaunchDelegate - D:\GitHub\SFS2X\SFS2X_Extension_SCG_Lobby\SFS2X_Extension_SCG_Lobby_Workspace\scg
2017-05-08 17:51:17,240 [Worker-32] INFO  o.e.m.i.launch.MavenLaunchDelegate -  mvn -B clean
2017-05-08 17:51:19,118 [Worker-37] INFO  o.e.m.c.i.embedder.EclipseLogger - Using 'UTF-8' encoding to copy filtered resources.
2017-05-08 17:51:19,118 [Worker-37] INFO  o.e.m.c.i.embedder.EclipseLogger - skip non existing resourceDirectory D:\GitHub\SFS2X\SFS2X_Extension_SCG_Lobby\SFS2X_Extension_SCG_Lobby_Workspace\scg\src\main\resources
2017-05-08 17:51:19,120 [Worker-37] INFO  o.e.m.c.i.embedder.EclipseLogger - Using 'UTF-8' encoding to copy filtered resources.
2017-05-08 17:51:19,120 [Worker-37] INFO  o.e.m.c.i.embedder.EclipseLogger - skip non existing resourceDirectory D:\GitHub\SFS2X\SFS2X_Extension_SCG_Lobby\SFS2X_Extension_SCG_Lobby_Workspace\scg\src\test\resources
2017-05-08 17:51:37,180 [Worker-34] INFO  o.e.m.c.i.embedder.EclipseLogger - Using 'UTF-8' encoding to copy filtered resources.
2017-05-08 17:51:37,180 [Worker-34] INFO  o.e.m.c.i.embedder.EclipseLogger - skip non existing resourceDirectory D:\GitHub\SFS2X\SFS2X_Extension_SCG_Lobby\SFS2X_Extension_SCG_Lobby_Workspace\scg\src\main\resources
2017-05-08 17:51:37,181 [Worker-34] INFO  o.e.m.c.i.embedder.EclipseLogger - Using 'UTF-8' encoding to copy filtered resources.
2017-05-08 17:51:37,181 [Worker-34] INFO  o.e.m.c.i.embedder.EclipseLogger - skip non existing resourceDirectory D:\GitHub\SFS2X\SFS2X_Extension_SCG_Lobby\SFS2X_Extension_SCG_Lobby_Workspace\scg\src\test\resources
2017-05-08 17:51:44,026 [main] INFO  o.e.m2e.actions.ExecutePomAction - Using existing launch configuration
2017-05-08 17:51:44,092 [Worker-36] INFO  o.e.m.i.launch.MavenLaunchDelegate - D:\GitHub\SFS2X\SFS2X_Extension_SCG_Lobby\SFS2X_Extension_SCG_Lobby_Workspace\scg
2017-05-08 17:51:44,092 [Worker-36] INFO  o.e.m.i.launch.MavenLaunchDelegate -  mvn -B package
2017-05-09 00:09:04,427 [Worker-34] INFO  o.e.m.c.i.embedder.EclipseLogger - Using 'UTF-8' encoding to copy filtered resources.
2017-05-09 00:09:04,427 [Worker-34] INFO  o.e.m.c.i.embedder.EclipseLogger - skip non existing resourceDirectory D:\GitHub\SFS2X\SFS2X_Extension_SCG_Lobby\SFS2X_Extension_SCG_Lobby_Workspace\scg\src\main\resources
2017-05-09 00:09:04,428 [Worker-34] INFO  o.e.m.c.i.embedder.EclipseLogger - Using 'UTF-8' encoding to copy filtered resources.
2017-05-09 00:09:04,428 [Worker-34] INFO  o.e.m.c.i.embedder.EclipseLogger - skip non existing resourceDirectory D:\GitHub\SFS2X\SFS2X_Extension_SCG_Lobby\SFS2X_Extension_SCG_Lobby_Workspace\scg\src\test\resources
2017-05-09 00:10:12,552 [Worker-32] INFO  o.e.m.c.i.l.LifecycleMappingFactory - Using org.eclipse.m2e.jdt.JarLifecycleMapping lifecycle mapping for MavenProject: scott:scg:0.0.1-SCG_Extension @ D:\GitHub\SFS2X\SFS2X_Extension_SCG_Lobby\SFS2X_Extension_SCG_Lobby_Workspace\scg\pom.xml.
2017-05-09 00:10:13,772 [Worker-32] INFO  o.e.m.c.i.e.AbstractTransferListenerAdapter - Downloading https://repo.maven.apache.org/maven2/org/mongodb/mongodb-driver/3.4.2/mongodb-driver-3.4.2.pom
2017-05-09 00:10:13,963 [Worker-32] INFO  o.e.m.c.i.e.AbstractTransferListenerAdapter - Downloaded https://repo.maven.apache.org/maven2/org/mongodb/mongodb-driver/3.4.2/mongodb-driver-3.4.2.pom
2017-05-09 00:10:14,156 [Worker-32] INFO  o.e.m.c.i.e.AbstractTransferListenerAdapter - Downloading https://repo.maven.apache.org/maven2/org/mongodb/bson/3.4.2/bson-3.4.2.pom
2017-05-09 00:10:14,346 [Worker-32] INFO  o.e.m.c.i.e.AbstractTransferListenerAdapter - Downloaded https://repo.maven.apache.org/maven2/org/mongodb/bson/3.4.2/bson-3.4.2.pom
2017-05-09 00:10:14,536 [Worker-32] INFO  o.e.m.c.i.e.AbstractTransferListenerAdapter - Downloading https://repo.maven.apache.org/maven2/org/mongodb/mongodb-driver-core/3.4.2/mongodb-driver-core-3.4.2.pom
2017-05-09 00:10:14,723 [Worker-32] INFO  o.e.m.c.i.e.AbstractTransferListenerAdapter - Downloaded https://repo.maven.apache.org/maven2/org/mongodb/mongodb-driver-core/3.4.2/mongodb-driver-core-3.4.2.pom
2017-05-09 00:10:14,918 [Worker-32] INFO  o.e.m.c.i.e.AbstractTransferListenerAdapter - Downloading https://repo.maven.apache.org/maven2/org/mongodb/mongodb-driver/3.4.2/mongodb-driver-3.4.2.jar
2017-05-09 00:10:16,249 [Worker-32] INFO  o.e.m.c.i.e.AbstractTransferListenerAdapter - Downloaded https://repo.maven.apache.org/maven2/org/mongodb/mongodb-driver/3.4.2/mongodb-driver-3.4.2.jar
2017-05-09 00:10:16,436 [Worker-32] INFO  o.e.m.c.i.e.AbstractTransferListenerAdapter - Downloading https://repo.maven.apache.org/maven2/org/mongodb/bson/3.4.2/bson-3.4.2.jar
2017-05-09 00:10:16,892 [Worker-32] INFO  o.e.m.c.i.e.AbstractTransferListenerAdapter - Downloaded https://repo.maven.apache.org/maven2/org/mongodb/bson/3.4.2/bson-3.4.2.jar
2017-05-09 00:10:17,079 [Worker-32] INFO  o.e.m.c.i.e.AbstractTransferListenerAdapter - Downloading https://repo.maven.apache.org/maven2/org/mongodb/mongodb-driver-core/3.4.2/mongodb-driver-core-3.4.2.jar
2017-05-09 00:10:17,854 [Worker-32] INFO  o.e.m.c.i.e.AbstractTransferListenerAdapter - Downloaded https://repo.maven.apache.org/maven2/org/mongodb/mongodb-driver-core/3.4.2/mongodb-driver-core-3.4.2.jar
2017-05-09 00:10:18,250 [Worker-32] INFO  o.e.m.c.i.embedder.EclipseLogger - Using 'UTF-8' encoding to copy filtered resources.
2017-05-09 00:10:18,251 [Worker-32] INFO  o.e.m.c.i.embedder.EclipseLogger - skip non existing resourceDirectory D:\GitHub\SFS2X\SFS2X_Extension_SCG_Lobby\SFS2X_Extension_SCG_Lobby_Workspace\scg\src\main\resources
2017-05-09 00:10:18,252 [Worker-32] INFO  o.e.m.c.i.embedder.EclipseLogger - Using 'UTF-8' encoding to copy filtered resources.
2017-05-09 00:10:18,252 [Worker-32] INFO  o.e.m.c.i.embedder.EclipseLogger - skip non existing resourceDirectory D:\GitHub\SFS2X\SFS2X_Extension_SCG_Lobby\SFS2X_Extension_SCG_Lobby_Workspace\scg\src\test\resources
2017-05-09 00:10:19,569 [Worker-41] INFO  o.e.m.c.i.embedder.EclipseLogger - Using 'UTF-8' encoding to copy filtered resources.
2017-05-09 00:10:19,570 [Worker-41] INFO  o.e.m.c.i.embedder.EclipseLogger - skip non existing resourceDirectory D:\GitHub\SFS2X\SFS2X_Extension_SCG_Lobby\SFS2X_Extension_SCG_Lobby_Workspace\scg\src\main\resources
2017-05-09 00:10:19,571 [Worker-41] INFO  o.e.m.c.i.embedder.EclipseLogger - Using 'UTF-8' encoding to copy filtered resources.
2017-05-09 00:10:19,571 [Worker-41] INFO  o.e.m.c.i.embedder.EclipseLogger - skip non existing resourceDirectory D:\GitHub\SFS2X\SFS2X_Extension_SCG_Lobby\SFS2X_Extension_SCG_Lobby_Workspace\scg\src\test\resources
2017-05-09 00:10:21,856 [Worker-41] INFO  o.e.m.c.i.p.ProjectConfigurationManager - Update started
2017-05-09 00:10:22,143 [Worker-41] INFO  o.e.m.c.i.l.LifecycleMappingFactory - Using org.eclipse.m2e.jdt.JarLifecycleMapping lifecycle mapping for MavenProject: scott:scg:0.0.1-SCG_Extension @ D:\GitHub\SFS2X\SFS2X_Extension_SCG_Lobby\SFS2X_Extension_SCG_Lobby_Workspace\scg\pom.xml.
2017-05-09 00:10:22,256 [Worker-41] INFO  o.e.m.j.i.AbstractJavaProjectConfigurator - Adding source folder /scg/src/main/java
2017-05-09 00:10:22,256 [Worker-41] INFO  o.e.m.j.i.AbstractJavaProjectConfigurator - Adding source folder /scg/src/test/java
2017-05-09 00:10:22,353 [Worker-41] INFO  o.e.m.c.i.p.ProjectConfigurationManager - Update completed: 0 sec
2017-05-09 00:10:22,628 [Worker-32] INFO  o.e.m.c.i.embedder.EclipseLogger - Using 'UTF-8' encoding to copy filtered resources.
2017-05-09 00:10:22,628 [Worker-32] INFO  o.e.m.c.i.embedder.EclipseLogger - skip non existing resourceDirectory D:\GitHub\SFS2X\SFS2X_Extension_SCG_Lobby\SFS2X_Extension_SCG_Lobby_Workspace\scg\src\main\resources
2017-05-09 00:10:22,630 [Worker-32] INFO  o.e.m.c.i.embedder.EclipseLogger - Using 'UTF-8' encoding to copy filtered resources.
2017-05-09 00:10:22,630 [Worker-32] INFO  o.e.m.c.i.embedder.EclipseLogger - skip non existing resourceDirectory D:\GitHub\SFS2X\SFS2X_Extension_SCG_Lobby\SFS2X_Extension_SCG_Lobby_Workspace\scg\src\test\resources
2017-05-09 00:11:33,498 [Worker-44] INFO  o.e.m.c.i.embedder.EclipseLogger - Using 'UTF-8' encoding to copy filtered resources.
2017-05-09 00:11:33,498 [Worker-44] INFO  o.e.m.c.i.embedder.EclipseLogger - skip non existing resourceDirectory D:\GitHub\SFS2X\SFS2X_Extension_SCG_Lobby\SFS2X_Extension_SCG_Lobby_Workspace\scg\src\main\resources
2017-05-09 00:11:33,499 [Worker-44] INFO  o.e.m.c.i.embedder.EclipseLogger - Using 'UTF-8' encoding to copy filtered resources.
2017-05-09 00:11:33,499 [Worker-44] INFO  o.e.m.c.i.embedder.EclipseLogger - skip non existing resourceDirectory D:\GitHub\SFS2X\SFS2X_Extension_SCG_Lobby\SFS2X_Extension_SCG_Lobby_Workspace\scg\src\test\resources
2017-05-09 00:11:46,862 [Worker-44] INFO  o.e.m.c.i.embedder.EclipseLogger - Using 'UTF-8' encoding to copy filtered resources.
2017-05-09 00:11:46,863 [Worker-44] INFO  o.e.m.c.i.embedder.EclipseLogger - skip non existing resourceDirectory D:\GitHub\SFS2X\SFS2X_Extension_SCG_Lobby\SFS2X_Extension_SCG_Lobby_Workspace\scg\src\main\resources
2017-05-09 00:11:46,864 [Worker-44] INFO  o.e.m.c.i.embedder.EclipseLogger - Using 'UTF-8' encoding to copy filtered resources.
2017-05-09 00:11:46,864 [Worker-44] INFO  o.e.m.c.i.embedder.EclipseLogger - skip non existing resourceDirectory D:\GitHub\SFS2X\SFS2X_Extension_SCG_Lobby\SFS2X_Extension_SCG_Lobby_Workspace\scg\src\test\resources
2017-05-09 00:11:55,392 [main] INFO  o.e.m2e.actions.ExecutePomAction - Using existing launch configuration
2017-05-09 00:11:55,484 [Worker-43] INFO  o.e.m.i.launch.MavenLaunchDelegate - D:\GitHub\SFS2X\SFS2X_Extension_SCG_Lobby\SFS2X_Extension_SCG_Lobby_Workspace\scg
2017-05-09 00:11:55,484 [Worker-43] INFO  o.e.m.i.launch.MavenLaunchDelegate -  mvn -B package
2017-05-09 00:12:51,640 [Worker-44] INFO  o.e.m.c.i.l.LifecycleMappingFactory - Using org.eclipse.m2e.jdt.JarLifecycleMapping lifecycle mapping for MavenProject: scott:scg:0.0.1-SCG_Extension @ D:\GitHub\SFS2X\SFS2X_Extension_SCG_Lobby\SFS2X_Extension_SCG_Lobby_Workspace\scg\pom.xml.
2017-05-09 00:12:51,749 [Worker-44] INFO  o.e.m.c.i.embedder.EclipseLogger - Using 'UTF-8' encoding to copy filtered resources.
2017-05-09 00:12:51,749 [Worker-44] INFO  o.e.m.c.i.embedder.EclipseLogger - skip non existing resourceDirectory D:\GitHub\SFS2X\SFS2X_Extension_SCG_Lobby\SFS2X_Extension_SCG_Lobby_Workspace\scg\src\main\resources
2017-05-09 00:12:51,751 [Worker-44] INFO  o.e.m.c.i.embedder.EclipseLogger - Using 'UTF-8' encoding to copy filtered resources.
2017-05-09 00:12:51,751 [Worker-44] INFO  o.e.m.c.i.embedder.EclipseLogger - skip non existing resourceDirectory D:\GitHub\SFS2X\SFS2X_Extension_SCG_Lobby\SFS2X_Extension_SCG_Lobby_Workspace\scg\src\test\resources
2017-05-09 00:12:53,011 [Worker-44] INFO  o.e.m.c.i.embedder.EclipseLogger - Using 'UTF-8' encoding to copy filtered resources.
2017-05-09 00:12:53,012 [Worker-44] INFO  o.e.m.c.i.embedder.EclipseLogger - skip non existing resourceDirectory D:\GitHub\SFS2X\SFS2X_Extension_SCG_Lobby\SFS2X_Extension_SCG_Lobby_Workspace\scg\src\main\resources
2017-05-09 00:12:53,013 [Worker-44] INFO  o.e.m.c.i.embedder.EclipseLogger - Using 'UTF-8' encoding to copy filtered resources.
2017-05-09 00:12:53,013 [Worker-44] INFO  o.e.m.c.i.embedder.EclipseLogger - skip non existing resourceDirectory D:\GitHub\SFS2X\SFS2X_Extension_SCG_Lobby\SFS2X_Extension_SCG_Lobby_Workspace\scg\src\test\resources
2017-05-09 00:13:16,519 [Worker-41] INFO  o.e.m.c.i.l.LifecycleMappingFactory - Using org.eclipse.m2e.jdt.JarLifecycleMapping lifecycle mapping for MavenProject: scott:scg:0.0.1-SCG_Extension @ D:\GitHub\SFS2X\SFS2X_Extension_SCG_Lobby\SFS2X_Extension_SCG_Lobby_Workspace\scg\pom.xml.
2017-05-09 00:13:16,625 [Worker-41] INFO  o.e.m.c.i.embedder.EclipseLogger - Using 'UTF-8' encoding to copy filtered resources.
2017-05-09 00:13:16,625 [Worker-41] INFO  o.e.m.c.i.embedder.EclipseLogger - skip non existing resourceDirectory D:\GitHub\SFS2X\SFS2X_Extension_SCG_Lobby\SFS2X_Extension_SCG_Lobby_Workspace\scg\src\main\resources
2017-05-09 00:13:16,627 [Worker-41] INFO  o.e.m.c.i.embedder.EclipseLogger - Using 'UTF-8' encoding to copy filtered resources.
2017-05-09 00:13:16,627 [Worker-41] INFO  o.e.m.c.i.embedder.EclipseLogger - skip non existing resourceDirectory D:\GitHub\SFS2X\SFS2X_Extension_SCG_Lobby\SFS2X_Extension_SCG_Lobby_Workspace\scg\src\test\resources
2017-05-09 00:13:18,183 [Worker-34] INFO  o.e.m.c.i.embedder.EclipseLogger - Using 'UTF-8' encoding to copy filtered resources.
2017-05-09 00:13:18,183 [Worker-34] INFO  o.e.m.c.i.embedder.EclipseLogger - skip non existing resourceDirectory D:\GitHub\SFS2X\SFS2X_Extension_SCG_Lobby\SFS2X_Extension_SCG_Lobby_Workspace\scg\src\main\resources
2017-05-09 00:13:18,184 [Worker-34] INFO  o.e.m.c.i.embedder.EclipseLogger - Using 'UTF-8' encoding to copy filtered resources.
2017-05-09 00:13:18,184 [Worker-34] INFO  o.e.m.c.i.embedder.EclipseLogger - skip non existing resourceDirectory D:\GitHub\SFS2X\SFS2X_Extension_SCG_Lobby\SFS2X_Extension_SCG_Lobby_Workspace\scg\src\test\resources
2017-05-09 00:13:39,557 [Worker-44] INFO  o.e.m.c.i.l.LifecycleMappingFactory - Using org.eclipse.m2e.jdt.JarLifecycleMapping lifecycle mapping for MavenProject: scott:scg:0.0.1-SCG_Extension @ D:\GitHub\SFS2X\SFS2X_Extension_SCG_Lobby\SFS2X_Extension_SCG_Lobby_Workspace\scg\pom.xml.
2017-05-09 00:13:39,664 [Worker-44] INFO  o.e.m.c.i.embedder.EclipseLogger - Using 'UTF-8' encoding to copy filtered resources.
2017-05-09 00:13:39,665 [Worker-44] INFO  o.e.m.c.i.embedder.EclipseLogger - skip non existing resourceDirectory D:\GitHub\SFS2X\SFS2X_Extension_SCG_Lobby\SFS2X_Extension_SCG_Lobby_Workspace\scg\src\main\resources
2017-05-09 00:13:39,667 [Worker-44] INFO  o.e.m.c.i.embedder.EclipseLogger - Using 'UTF-8' encoding to copy filtered resources.
2017-05-09 00:13:39,667 [Worker-44] INFO  o.e.m.c.i.embedder.EclipseLogger - skip non existing resourceDirectory D:\GitHub\SFS2X\SFS2X_Extension_SCG_Lobby\SFS2X_Extension_SCG_Lobby_Workspace\scg\src\test\resources
2017-05-09 00:13:41,455 [Worker-32] INFO  o.e.m.c.i.embedder.EclipseLogger - Using 'UTF-8' encoding to copy filtered resources.
2017-05-09 00:13:41,455 [Worker-32] INFO  o.e.m.c.i.embedder.EclipseLogger - skip non existing resourceDirectory D:\GitHub\SFS2X\SFS2X_Extension_SCG_Lobby\SFS2X_Extension_SCG_Lobby_Workspace\scg\src\main\resources
2017-05-09 00:13:41,456 [Worker-32] INFO  o.e.m.c.i.embedder.EclipseLogger - Using 'UTF-8' encoding to copy filtered resources.
2017-05-09 00:13:41,456 [Worker-32] INFO  o.e.m.c.i.embedder.EclipseLogger - skip non existing resourceDirectory D:\GitHub\SFS2X\SFS2X_Extension_SCG_Lobby\SFS2X_Extension_SCG_Lobby_Workspace\scg\src\test\resources
2017-05-09 00:13:59,249 [Worker-44] INFO  o.e.m.c.i.embedder.EclipseLogger - Using 'UTF-8' encoding to copy filtered resources.
2017-05-09 00:13:59,249 [Worker-44] INFO  o.e.m.c.i.embedder.EclipseLogger - skip non existing resourceDirectory D:\GitHub\SFS2X\SFS2X_Extension_SCG_Lobby\SFS2X_Extension_SCG_Lobby_Workspace\scg\src\main\resources
2017-05-09 00:13:59,250 [Worker-44] INFO  o.e.m.c.i.embedder.EclipseLogger - Using 'UTF-8' encoding to copy filtered resources.
2017-05-09 00:13:59,250 [Worker-44] INFO  o.e.m.c.i.embedder.EclipseLogger - skip non existing resourceDirectory D:\GitHub\SFS2X\SFS2X_Extension_SCG_Lobby\SFS2X_Extension_SCG_Lobby_Workspace\scg\src\test\resources
2017-05-09 00:15:48,525 [Worker-34] INFO  o.e.m.c.i.l.LifecycleMappingFactory - Using org.eclipse.m2e.jdt.JarLifecycleMapping lifecycle mapping for MavenProject: scott:scg:0.0.1-SCG_Extension @ D:\GitHub\SFS2X\SFS2X_Extension_SCG_Lobby\SFS2X_Extension_SCG_Lobby_Workspace\scg\pom.xml.
2017-05-09 00:15:48,627 [Worker-34] INFO  o.e.m.c.i.embedder.EclipseLogger - Using 'UTF-8' encoding to copy filtered resources.
2017-05-09 00:15:48,628 [Worker-34] INFO  o.e.m.c.i.embedder.EclipseLogger - skip non existing resourceDirectory D:\GitHub\SFS2X\SFS2X_Extension_SCG_Lobby\SFS2X_Extension_SCG_Lobby_Workspace\scg\src\main\resources
2017-05-09 00:15:48,629 [Worker-34] INFO  o.e.m.c.i.embedder.EclipseLogger - Using 'UTF-8' encoding to copy filtered resources.
2017-05-09 00:15:48,629 [Worker-34] INFO  o.e.m.c.i.embedder.EclipseLogger - skip non existing resourceDirectory D:\GitHub\SFS2X\SFS2X_Extension_SCG_Lobby\SFS2X_Extension_SCG_Lobby_Workspace\scg\src\test\resources
2017-05-09 00:15:49,906 [Worker-34] INFO  o.e.m.c.i.embedder.EclipseLogger - Using 'UTF-8' encoding to copy filtered resources.
2017-05-09 00:15:49,906 [Worker-34] INFO  o.e.m.c.i.embedder.EclipseLogger - skip non existing resourceDirectory D:\GitHub\SFS2X\SFS2X_Extension_SCG_Lobby\SFS2X_Extension_SCG_Lobby_Workspace\scg\src\main\resources
2017-05-09 00:15:49,907 [Worker-34] INFO  o.e.m.c.i.embedder.EclipseLogger - Using 'UTF-8' encoding to copy filtered resources.
2017-05-09 00:15:49,907 [Worker-34] INFO  o.e.m.c.i.embedder.EclipseLogger - skip non existing resourceDirectory D:\GitHub\SFS2X\SFS2X_Extension_SCG_Lobby\SFS2X_Extension_SCG_Lobby_Workspace\scg\src\test\resources
2017-05-09 00:16:52,804 [Worker-34] INFO  o.e.m.c.i.l.LifecycleMappingFactory - Using org.eclipse.m2e.jdt.JarLifecycleMapping lifecycle mapping for MavenProject: scott:scg:0.0.1-SCG_Extension @ D:\GitHub\SFS2X\SFS2X_Extension_SCG_Lobby\SFS2X_Extension_SCG_Lobby_Workspace\scg\pom.xml.
2017-05-09 00:16:54,027 [Worker-34] INFO  o.e.m.c.i.e.AbstractTransferListenerAdapter - Downloading https://repo.maven.apache.org/maven2/org/mongodb/mongodb-driver-async/3.4.2/mongodb-driver-async-3.4.2.pom
2017-05-09 00:16:54,218 [Worker-34] INFO  o.e.m.c.i.e.AbstractTransferListenerAdapter - Downloaded https://repo.maven.apache.org/maven2/org/mongodb/mongodb-driver-async/3.4.2/mongodb-driver-async-3.4.2.pom
2017-05-09 00:16:54,417 [Worker-34] INFO  o.e.m.c.i.e.AbstractTransferListenerAdapter - Downloading https://repo.maven.apache.org/maven2/org/mongodb/mongodb-driver-async/3.4.2/mongodb-driver-async-3.4.2.jar
2017-05-09 00:16:55,549 [Worker-34] INFO  o.e.m.c.i.e.AbstractTransferListenerAdapter - Downloaded https://repo.maven.apache.org/maven2/org/mongodb/mongodb-driver-async/3.4.2/mongodb-driver-async-3.4.2.jar
2017-05-09 00:16:55,646 [Worker-34] INFO  o.e.m.c.i.embedder.EclipseLogger - Using 'UTF-8' encoding to copy filtered resources.
2017-05-09 00:16:55,647 [Worker-34] INFO  o.e.m.c.i.embedder.EclipseLogger - skip non existing resourceDirectory D:\GitHub\SFS2X\SFS2X_Extension_SCG_Lobby\SFS2X_Extension_SCG_Lobby_Workspace\scg\src\main\resources
2017-05-09 00:16:55,648 [Worker-34] INFO  o.e.m.c.i.embedder.EclipseLogger - Using 'UTF-8' encoding to copy filtered resources.
2017-05-09 00:16:55,648 [Worker-34] INFO  o.e.m.c.i.embedder.EclipseLogger - skip non existing resourceDirectory D:\GitHub\SFS2X\SFS2X_Extension_SCG_Lobby\SFS2X_Extension_SCG_Lobby_Workspace\scg\src\test\resources
2017-05-09 00:16:56,911 [Worker-32] INFO  o.e.m.c.i.embedder.EclipseLogger - Using 'UTF-8' encoding to copy filtered resources.
2017-05-09 00:16:56,911 [Worker-32] INFO  o.e.m.c.i.embedder.EclipseLogger - skip non existing resourceDirectory D:\GitHub\SFS2X\SFS2X_Extension_SCG_Lobby\SFS2X_Extension_SCG_Lobby_Workspace\scg\src\main\resources
2017-05-09 00:16:56,912 [Worker-32] INFO  o.e.m.c.i.embedder.EclipseLogger - Using 'UTF-8' encoding to copy filtered resources.
2017-05-09 00:16:56,913 [Worker-32] INFO  o.e.m.c.i.embedder.EclipseLogger - skip non existing resourceDirectory D:\GitHub\SFS2X\SFS2X_Extension_SCG_Lobby\SFS2X_Extension_SCG_Lobby_Workspace\scg\src\test\resources
2017-05-09 00:18:38,684 [Worker-34] INFO  o.e.m.c.i.l.LifecycleMappingFactory - Using org.eclipse.m2e.jdt.JarLifecycleMapping lifecycle mapping for MavenProject: scott:scg:0.0.1-SCG_Extension @ D:\GitHub\SFS2X\SFS2X_Extension_SCG_Lobby\SFS2X_Extension_SCG_Lobby_Workspace\scg\pom.xml.
2017-05-09 00:18:38,765 [Worker-34] INFO  o.e.m.c.i.embedder.EclipseLogger - Using 'UTF-8' encoding to copy filtered resources.
2017-05-09 00:18:38,765 [Worker-34] INFO  o.e.m.c.i.embedder.EclipseLogger - skip non existing resourceDirectory D:\GitHub\SFS2X\SFS2X_Extension_SCG_Lobby\SFS2X_Extension_SCG_Lobby_Workspace\scg\src\main\resources
2017-05-09 00:18:38,766 [Worker-34] INFO  o.e.m.c.i.embedder.EclipseLogger - Using 'UTF-8' encoding to copy filtered resources.
2017-05-09 00:18:38,766 [Worker-34] INFO  o.e.m.c.i.embedder.EclipseLogger - skip non existing resourceDirectory D:\GitHub\SFS2X\SFS2X_Extension_SCG_Lobby\SFS2X_Extension_SCG_Lobby_Workspace\scg\src\test\resources
2017-05-09 00:18:40,397 [Worker-44] INFO  o.e.m.c.i.embedder.EclipseLogger - Using 'UTF-8' encoding to copy filtered resources.
2017-05-09 00:18:40,397 [Worker-44] INFO  o.e.m.c.i.embedder.EclipseLogger - skip non existing resourceDirectory D:\GitHub\SFS2X\SFS2X_Extension_SCG_Lobby\SFS2X_Extension_SCG_Lobby_Workspace\scg\src\main\resources
2017-05-09 00:18:40,398 [Worker-44] INFO  o.e.m.c.i.embedder.EclipseLogger - Using 'UTF-8' encoding to copy filtered resources.
2017-05-09 00:18:40,399 [Worker-44] INFO  o.e.m.c.i.embedder.EclipseLogger - skip non existing resourceDirectory D:\GitHub\SFS2X\SFS2X_Extension_SCG_Lobby\SFS2X_Extension_SCG_Lobby_Workspace\scg\src\test\resources
2017-05-09 00:18:54,307 [Worker-32] INFO  o.e.m.c.i.l.LifecycleMappingFactory - Using org.eclipse.m2e.jdt.JarLifecycleMapping lifecycle mapping for MavenProject: scott:scg:0.0.1-SCG_Extension @ D:\GitHub\SFS2X\SFS2X_Extension_SCG_Lobby\SFS2X_Extension_SCG_Lobby_Workspace\scg\pom.xml.
2017-05-09 00:18:54,383 [Worker-32] INFO  o.e.m.c.i.embedder.EclipseLogger - Using 'UTF-8' encoding to copy filtered resources.
2017-05-09 00:18:54,383 [Worker-32] INFO  o.e.m.c.i.embedder.EclipseLogger - skip non existing resourceDirectory D:\GitHub\SFS2X\SFS2X_Extension_SCG_Lobby\SFS2X_Extension_SCG_Lobby_Workspace\scg\src\main\resources
2017-05-09 00:18:54,384 [Worker-32] INFO  o.e.m.c.i.embedder.EclipseLogger - Using 'UTF-8' encoding to copy filtered resources.
2017-05-09 00:18:54,384 [Worker-32] INFO  o.e.m.c.i.embedder.EclipseLogger - skip non existing resourceDirectory D:\GitHub\SFS2X\SFS2X_Extension_SCG_Lobby\SFS2X_Extension_SCG_Lobby_Workspace\scg\src\test\resources
2017-05-09 00:36:35,017 [Worker-41] INFO  o.e.m.c.i.embedder.EclipseLogger - Using 'UTF-8' encoding to copy filtered resources.
2017-05-09 00:36:35,018 [Worker-41] INFO  o.e.m.c.i.embedder.EclipseLogger - skip non existing resourceDirectory D:\GitHub\SFS2X\SFS2X_Extension_SCG_Lobby\SFS2X_Extension_SCG_Lobby_Workspace\scg\src\main\resources
2017-05-09 00:36:35,019 [Worker-41] INFO  o.e.m.c.i.embedder.EclipseLogger - Using 'UTF-8' encoding to copy filtered resources.
2017-05-09 00:36:35,019 [Worker-41] INFO  o.e.m.c.i.embedder.EclipseLogger - skip non existing resourceDirectory D:\GitHub\SFS2X\SFS2X_Extension_SCG_Lobby\SFS2X_Extension_SCG_Lobby_Workspace\scg\src\test\resources
2017-05-09 00:37:33,449 [Worker-44] INFO  o.e.m.c.i.embedder.EclipseLogger - Using 'UTF-8' encoding to copy filtered resources.
2017-05-09 00:37:33,449 [Worker-44] INFO  o.e.m.c.i.embedder.EclipseLogger - skip non existing resourceDirectory D:\GitHub\SFS2X\SFS2X_Extension_SCG_Lobby\SFS2X_Extension_SCG_Lobby_Workspace\scg\src\main\resources
2017-05-09 00:37:33,450 [Worker-44] INFO  o.e.m.c.i.embedder.EclipseLogger - Using 'UTF-8' encoding to copy filtered resources.
2017-05-09 00:37:33,450 [Worker-44] INFO  o.e.m.c.i.embedder.EclipseLogger - skip non existing resourceDirectory D:\GitHub\SFS2X\SFS2X_Extension_SCG_Lobby\SFS2X_Extension_SCG_Lobby_Workspace\scg\src\test\resources
2017-05-09 00:40:36,179 [Worker-39] INFO  o.e.m.c.i.embedder.EclipseLogger - Using 'UTF-8' encoding to copy filtered resources.
2017-05-09 00:40:36,179 [Worker-39] INFO  o.e.m.c.i.embedder.EclipseLogger - skip non existing resourceDirectory D:\GitHub\SFS2X\SFS2X_Extension_SCG_Lobby\SFS2X_Extension_SCG_Lobby_Workspace\scg\src\main\resources
2017-05-09 00:40:36,181 [Worker-39] INFO  o.e.m.c.i.embedder.EclipseLogger - Using 'UTF-8' encoding to copy filtered resources.
2017-05-09 00:40:36,181 [Worker-39] INFO  o.e.m.c.i.embedder.EclipseLogger - skip non existing resourceDirectory D:\GitHub\SFS2X\SFS2X_Extension_SCG_Lobby\SFS2X_Extension_SCG_Lobby_Workspace\scg\src\test\resources
2017-05-09 00:41:28,585 [Worker-44] INFO  o.e.m.c.i.embedder.EclipseLogger - Using 'UTF-8' encoding to copy filtered resources.
2017-05-09 00:41:28,586 [Worker-44] INFO  o.e.m.c.i.embedder.EclipseLogger - skip non existing resourceDirectory D:\GitHub\SFS2X\SFS2X_Extension_SCG_Lobby\SFS2X_Extension_SCG_Lobby_Workspace\scg\src\main\resources
2017-05-09 00:41:28,587 [Worker-44] INFO  o.e.m.c.i.embedder.EclipseLogger - Using 'UTF-8' encoding to copy filtered resources.
2017-05-09 00:41:28,587 [Worker-44] INFO  o.e.m.c.i.embedder.EclipseLogger - skip non existing resourceDirectory D:\GitHub\SFS2X\SFS2X_Extension_SCG_Lobby\SFS2X_Extension_SCG_Lobby_Workspace\scg\src\test\resources
2017-05-09 00:46:37,072 [Worker-41] INFO  o.e.m.c.i.embedder.EclipseLogger - Using 'UTF-8' encoding to copy filtered resources.
2017-05-09 00:46:37,072 [Worker-41] INFO  o.e.m.c.i.embedder.EclipseLogger - skip non existing resourceDirectory D:\GitHub\SFS2X\SFS2X_Extension_SCG_Lobby\SFS2X_Extension_SCG_Lobby_Workspace\scg\src\main\resources
2017-05-09 00:46:37,073 [Worker-41] INFO  o.e.m.c.i.embedder.EclipseLogger - Using 'UTF-8' encoding to copy filtered resources.
2017-05-09 00:46:37,073 [Worker-41] INFO  o.e.m.c.i.embedder.EclipseLogger - skip non existing resourceDirectory D:\GitHub\SFS2X\SFS2X_Extension_SCG_Lobby\SFS2X_Extension_SCG_Lobby_Workspace\scg\src\test\resources
2017-05-09 00:48:48,313 [Worker-41] INFO  o.e.m.c.i.embedder.EclipseLogger - Using 'UTF-8' encoding to copy filtered resources.
2017-05-09 00:48:48,313 [Worker-41] INFO  o.e.m.c.i.embedder.EclipseLogger - skip non existing resourceDirectory D:\GitHub\SFS2X\SFS2X_Extension_SCG_Lobby\SFS2X_Extension_SCG_Lobby_Workspace\scg\src\main\resources
2017-05-09 00:48:48,313 [Worker-41] INFO  o.e.m.c.i.embedder.EclipseLogger - Using 'UTF-8' encoding to copy filtered resources.
2017-05-09 00:48:48,313 [Worker-41] INFO  o.e.m.c.i.embedder.EclipseLogger - skip non existing resourceDirectory D:\GitHub\SFS2X\SFS2X_Extension_SCG_Lobby\SFS2X_Extension_SCG_Lobby_Workspace\scg\src\test\resources
2017-05-09 00:48:52,624 [Worker-44] INFO  o.e.m.i.launch.MavenLaunchDelegate - D:\GitHub\SFS2X\SFS2X_Extension_SCG_Lobby\SFS2X_Extension_SCG_Lobby_Workspace\scg
2017-05-09 00:48:52,624 [Worker-44] INFO  o.e.m.i.launch.MavenLaunchDelegate -  mvn -B clean
2017-05-09 00:48:54,521 [Worker-46] INFO  o.e.m.c.i.embedder.EclipseLogger - Using 'UTF-8' encoding to copy filtered resources.
2017-05-09 00:48:54,521 [Worker-46] INFO  o.e.m.c.i.embedder.EclipseLogger - skip non existing resourceDirectory D:\GitHub\SFS2X\SFS2X_Extension_SCG_Lobby\SFS2X_Extension_SCG_Lobby_Workspace\scg\src\main\resources
2017-05-09 00:48:54,523 [Worker-46] INFO  o.e.m.c.i.embedder.EclipseLogger - Using 'UTF-8' encoding to copy filtered resources.
2017-05-09 00:48:54,523 [Worker-46] INFO  o.e.m.c.i.embedder.EclipseLogger - skip non existing resourceDirectory D:\GitHub\SFS2X\SFS2X_Extension_SCG_Lobby\SFS2X_Extension_SCG_Lobby_Workspace\scg\src\test\resources
2017-05-09 00:48:58,608 [main] INFO  o.e.m2e.actions.ExecutePomAction - Using existing launch configuration
2017-05-09 00:48:58,700 [Worker-45] INFO  o.e.m.i.launch.MavenLaunchDelegate - D:\GitHub\SFS2X\SFS2X_Extension_SCG_Lobby\SFS2X_Extension_SCG_Lobby_Workspace\scg
2017-05-09 00:48:58,701 [Worker-45] INFO  o.e.m.i.launch.MavenLaunchDelegate -  mvn -B package
2017-05-09 00:49:07,816 [Worker-32] INFO  o.e.m.c.i.embedder.EclipseLogger - Using 'UTF-8' encoding to copy filtered resources.
2017-05-09 00:49:07,816 [Worker-32] INFO  o.e.m.c.i.embedder.EclipseLogger - skip non existing resourceDirectory D:\GitHub\SFS2X\SFS2X_Extension_SCG_Lobby\SFS2X_Extension_SCG_Lobby_Workspace\scg\src\main\resources
2017-05-09 00:49:07,817 [Worker-32] INFO  o.e.m.c.i.embedder.EclipseLogger - Using 'UTF-8' encoding to copy filtered resources.
2017-05-09 00:49:07,817 [Worker-32] INFO  o.e.m.c.i.embedder.EclipseLogger - skip non existing resourceDirectory D:\GitHub\SFS2X\SFS2X_Extension_SCG_Lobby\SFS2X_Extension_SCG_Lobby_Workspace\scg\src\test\resources
2017-05-09 00:50:39,587 [Worker-42] INFO  o.e.m.c.i.embedder.EclipseLogger - Using 'UTF-8' encoding to copy filtered resources.
2017-05-09 00:50:39,587 [Worker-42] INFO  o.e.m.c.i.embedder.EclipseLogger - skip non existing resourceDirectory D:\GitHub\SFS2X\SFS2X_Extension_SCG_Lobby\SFS2X_Extension_SCG_Lobby_Workspace\scg\src\main\resources
2017-05-09 00:50:39,588 [Worker-42] INFO  o.e.m.c.i.embedder.EclipseLogger - Using 'UTF-8' encoding to copy filtered resources.
2017-05-09 00:50:39,588 [Worker-42] INFO  o.e.m.c.i.embedder.EclipseLogger - skip non existing resourceDirectory D:\GitHub\SFS2X\SFS2X_Extension_SCG_Lobby\SFS2X_Extension_SCG_Lobby_Workspace\scg\src\test\resources
2017-05-09 00:50:44,884 [main] INFO  o.e.m2e.actions.ExecutePomAction - Using existing launch configuration
2017-05-09 00:50:44,959 [Worker-41] INFO  o.e.m.i.launch.MavenLaunchDelegate - D:\GitHub\SFS2X\SFS2X_Extension_SCG_Lobby\SFS2X_Extension_SCG_Lobby_Workspace\scg
2017-05-09 00:50:44,959 [Worker-41] INFO  o.e.m.i.launch.MavenLaunchDelegate -  mvn -B package
2017-05-09 00:51:41,302 [Worker-44] INFO  o.e.m.c.i.embedder.EclipseLogger - Using 'UTF-8' encoding to copy filtered resources.
2017-05-09 00:51:41,302 [Worker-44] INFO  o.e.m.c.i.embedder.EclipseLogger - skip non existing resourceDirectory D:\GitHub\SFS2X\SFS2X_Extension_SCG_Lobby\SFS2X_Extension_SCG_Lobby_Workspace\scg\src\main\resources
2017-05-09 00:51:41,304 [Worker-44] INFO  o.e.m.c.i.embedder.EclipseLogger - Using 'UTF-8' encoding to copy filtered resources.
2017-05-09 00:51:41,304 [Worker-44] INFO  o.e.m.c.i.embedder.EclipseLogger - skip non existing resourceDirectory D:\GitHub\SFS2X\SFS2X_Extension_SCG_Lobby\SFS2X_Extension_SCG_Lobby_Workspace\scg\src\test\resources
2017-05-09 00:52:35,392 [Worker-44] INFO  o.e.m.c.i.embedder.EclipseLogger - Using 'UTF-8' encoding to copy filtered resources.
2017-05-09 00:52:35,392 [Worker-44] INFO  o.e.m.c.i.embedder.EclipseLogger - skip non existing resourceDirectory D:\GitHub\SFS2X\SFS2X_Extension_SCG_Lobby\SFS2X_Extension_SCG_Lobby_Workspace\scg\src\main\resources
2017-05-09 00:52:35,393 [Worker-44] INFO  o.e.m.c.i.embedder.EclipseLogger - Using 'UTF-8' encoding to copy filtered resources.
2017-05-09 00:52:35,393 [Worker-44] INFO  o.e.m.c.i.embedder.EclipseLogger - skip non existing resourceDirectory D:\GitHub\SFS2X\SFS2X_Extension_SCG_Lobby\SFS2X_Extension_SCG_Lobby_Workspace\scg\src\test\resources
2017-05-09 00:53:02,419 [Worker-32] INFO  o.e.m.c.i.embedder.EclipseLogger - Using 'UTF-8' encoding to copy filtered resources.
2017-05-09 00:53:02,419 [Worker-32] INFO  o.e.m.c.i.embedder.EclipseLogger - skip non existing resourceDirectory D:\GitHub\SFS2X\SFS2X_Extension_SCG_Lobby\SFS2X_Extension_SCG_Lobby_Workspace\scg\src\main\resources
2017-05-09 00:53:02,421 [Worker-32] INFO  o.e.m.c.i.embedder.EclipseLogger - Using 'UTF-8' encoding to copy filtered resources.
2017-05-09 00:53:02,421 [Worker-32] INFO  o.e.m.c.i.embedder.EclipseLogger - skip non existing resourceDirectory D:\GitHub\SFS2X\SFS2X_Extension_SCG_Lobby\SFS2X_Extension_SCG_Lobby_Workspace\scg\src\test\resources
2017-05-09 00:53:05,260 [main] INFO  o.e.m2e.actions.ExecutePomAction - Using existing launch configuration
2017-05-09 00:53:05,362 [Worker-44] INFO  o.e.m.i.launch.MavenLaunchDelegate - D:\GitHub\SFS2X\SFS2X_Extension_SCG_Lobby\SFS2X_Extension_SCG_Lobby_Workspace\scg
2017-05-09 00:53:05,362 [Worker-44] INFO  o.e.m.i.launch.MavenLaunchDelegate -  mvn -B package
2017-05-09 00:53:10,893 [Worker-41] INFO  o.e.m.c.i.embedder.EclipseLogger - Using 'UTF-8' encoding to copy filtered resources.
2017-05-09 00:53:10,893 [Worker-41] INFO  o.e.m.c.i.embedder.EclipseLogger - skip non existing resourceDirectory D:\GitHub\SFS2X\SFS2X_Extension_SCG_Lobby\SFS2X_Extension_SCG_Lobby_Workspace\scg\src\main\resources
2017-05-09 00:53:10,895 [Worker-41] INFO  o.e.m.c.i.embedder.EclipseLogger - Using 'UTF-8' encoding to copy filtered resources.
2017-05-09 00:53:10,896 [Worker-41] INFO  o.e.m.c.i.embedder.EclipseLogger - skip non existing resourceDirectory D:\GitHub\SFS2X\SFS2X_Extension_SCG_Lobby\SFS2X_Extension_SCG_Lobby_Workspace\scg\src\test\resources
2017-05-09 00:54:09,066 [main] INFO  o.e.m2e.actions.ExecutePomAction - Using existing launch configuration
2017-05-09 00:54:10,241 [Worker-44] INFO  o.e.m.i.launch.MavenLaunchDelegate - D:\GitHub\SFS2X\SFS2X_Extension_SCG_Lobby\SFS2X_Extension_SCG_Lobby_Workspace\scg
2017-05-09 00:54:10,242 [Worker-44] INFO  o.e.m.i.launch.MavenLaunchDelegate -  mvn -B package
2017-05-09 00:54:10,396 [Worker-42] INFO  o.e.m.c.i.embedder.EclipseLogger - Using 'UTF-8' encoding to copy filtered resources.
2017-05-09 00:54:10,397 [Worker-42] INFO  o.e.m.c.i.embedder.EclipseLogger - skip non existing resourceDirectory D:\GitHub\SFS2X\SFS2X_Extension_SCG_Lobby\SFS2X_Extension_SCG_Lobby_Workspace\scg\src\main\resources
2017-05-09 00:54:10,398 [Worker-42] INFO  o.e.m.c.i.embedder.EclipseLogger - Using 'UTF-8' encoding to copy filtered resources.
2017-05-09 00:54:10,398 [Worker-42] INFO  o.e.m.c.i.embedder.EclipseLogger - skip non existing resourceDirectory D:\GitHub\SFS2X\SFS2X_Extension_SCG_Lobby\SFS2X_Extension_SCG_Lobby_Workspace\scg\src\test\resources
2017-05-09 01:08:34,055 [Worker-41] INFO  o.e.m.c.i.embedder.EclipseLogger - Using 'UTF-8' encoding to copy filtered resources.
2017-05-09 01:08:34,055 [Worker-41] INFO  o.e.m.c.i.embedder.EclipseLogger - skip non existing resourceDirectory D:\GitHub\SFS2X\SFS2X_Extension_SCG_Lobby\SFS2X_Extension_SCG_Lobby_Workspace\scg\src\main\resources
2017-05-09 01:08:34,059 [Worker-41] INFO  o.e.m.c.i.embedder.EclipseLogger - Using 'UTF-8' encoding to copy filtered resources.
2017-05-09 01:08:34,060 [Worker-41] INFO  o.e.m.c.i.embedder.EclipseLogger - skip non existing resourceDirectory D:\GitHub\SFS2X\SFS2X_Extension_SCG_Lobby\SFS2X_Extension_SCG_Lobby_Workspace\scg\src\test\resources
2017-05-09 01:10:04,171 [Worker-47] INFO  o.e.m.c.i.embedder.EclipseLogger - Using 'UTF-8' encoding to copy filtered resources.
2017-05-09 01:10:04,172 [Worker-47] INFO  o.e.m.c.i.embedder.EclipseLogger - skip non existing resourceDirectory D:\GitHub\SFS2X\SFS2X_Extension_SCG_Lobby\SFS2X_Extension_SCG_Lobby_Workspace\scg\src\main\resources
2017-05-09 01:10:04,173 [Worker-47] INFO  o.e.m.c.i.embedder.EclipseLogger - Using 'UTF-8' encoding to copy filtered resources.
2017-05-09 01:10:04,174 [Worker-47] INFO  o.e.m.c.i.embedder.EclipseLogger - skip non existing resourceDirectory D:\GitHub\SFS2X\SFS2X_Extension_SCG_Lobby\SFS2X_Extension_SCG_Lobby_Workspace\scg\src\test\resources
2017-05-09 01:10:07,188 [main] INFO  o.e.m2e.actions.ExecutePomAction - Using existing launch configuration
2017-05-09 01:10:07,280 [Worker-39] INFO  o.e.m.i.launch.MavenLaunchDelegate - D:\GitHub\SFS2X\SFS2X_Extension_SCG_Lobby\SFS2X_Extension_SCG_Lobby_Workspace\scg
2017-05-09 01:10:07,280 [Worker-39] INFO  o.e.m.i.launch.MavenLaunchDelegate -  mvn -B package
2017-05-09 15:14:36,491 [Worker-0] INFO  c.g.t.t.d.PublishedGradleVersions - Gradle version information cache is out-of-date. Trying to update.
2017-05-09 15:14:40,803 [Worker-3] INFO  o.e.m.c.i.l.LifecycleMappingFactory - Using org.eclipse.m2e.jdt.JarLifecycleMapping lifecycle mapping for MavenProject: scott:scg:0.0.1-SCG_Extension @ D:\GitHub\SFS2X\SFS2X_Extension_SCG_Lobby\SFS2X_Extension_SCG_Lobby_Workspace\scg\pom.xml.
2017-05-09 15:14:41,851 [Worker-3] INFO  o.e.m.c.i.embedder.EclipseLogger - Using 'UTF-8' encoding to copy filtered resources.
2017-05-09 15:14:41,851 [Worker-3] INFO  o.e.m.c.i.embedder.EclipseLogger - skip non existing resourceDirectory D:\GitHub\SFS2X\SFS2X_Extension_SCG_Lobby\SFS2X_Extension_SCG_Lobby_Workspace\scg\src\main\resources
2017-05-09 15:14:41,854 [Worker-3] INFO  o.e.m.c.i.embedder.EclipseLogger - Using 'UTF-8' encoding to copy filtered resources.
2017-05-09 15:14:41,854 [Worker-3] INFO  o.e.m.c.i.embedder.EclipseLogger - skip non existing resourceDirectory D:\GitHub\SFS2X\SFS2X_Extension_SCG_Lobby\SFS2X_Extension_SCG_Lobby_Workspace\scg\src\test\resources
2017-05-09 15:14:42,477 [Worker-6] INFO  o.e.m.c.i.l.LifecycleMappingFactory - Using org.eclipse.m2e.jdt.JarLifecycleMapping lifecycle mapping for MavenProject: scott:scg:0.0.1-SCG_Extension @ D:\GitHub\SFS2X\SFS2X_Extension_SCG_Lobby\SFS2X_Extension_SCG_Lobby_Workspace\scg\pom.xml.
2017-05-09 15:14:43,078 [Worker-9] INFO  o.e.m.c.i.embedder.EclipseLogger - Using 'UTF-8' encoding to copy filtered resources.
2017-05-09 15:14:43,079 [Worker-9] INFO  o.e.m.c.i.embedder.EclipseLogger - skip non existing resourceDirectory D:\GitHub\SFS2X\SFS2X_Extension_SCG_Lobby\SFS2X_Extension_SCG_Lobby_Workspace\scg\src\main\resources
2017-05-09 15:14:43,082 [Worker-9] INFO  o.e.m.c.i.embedder.EclipseLogger - Using 'UTF-8' encoding to copy filtered resources.
2017-05-09 15:14:43,082 [Worker-9] INFO  o.e.m.c.i.embedder.EclipseLogger - skip non existing resourceDirectory D:\GitHub\SFS2X\SFS2X_Extension_SCG_Lobby\SFS2X_Extension_SCG_Lobby_Workspace\scg\src\test\resources
2017-05-09 15:15:14,058 [Worker-14] INFO  o.e.m.c.i.embedder.EclipseLogger - Using 'UTF-8' encoding to copy filtered resources.
2017-05-09 15:15:14,058 [Worker-14] INFO  o.e.m.c.i.embedder.EclipseLogger - skip non existing resourceDirectory D:\GitHub\SFS2X\SFS2X_Extension_SCG_Lobby\SFS2X_Extension_SCG_Lobby_Workspace\scg\src\main\resources
2017-05-09 15:15:14,060 [Worker-14] INFO  o.e.m.c.i.embedder.EclipseLogger - Using 'UTF-8' encoding to copy filtered resources.
2017-05-09 15:15:14,060 [Worker-14] INFO  o.e.m.c.i.embedder.EclipseLogger - skip non existing resourceDirectory D:\GitHub\SFS2X\SFS2X_Extension_SCG_Lobby\SFS2X_Extension_SCG_Lobby_Workspace\scg\src\test\resources
2017-05-09 16:37:47,592 [Worker-12] INFO  o.e.m.c.i.embedder.EclipseLogger - Using 'UTF-8' encoding to copy filtered resources.
2017-05-09 16:37:47,592 [Worker-12] INFO  o.e.m.c.i.embedder.EclipseLogger - skip non existing resourceDirectory D:\GitHub\SFS2X\SFS2X_Extension_SCG_Lobby\SFS2X_Extension_SCG_Lobby_Workspace\scg\src\main\resources
2017-05-09 16:37:47,595 [Worker-12] INFO  o.e.m.c.i.embedder.EclipseLogger - Using 'UTF-8' encoding to copy filtered resources.
2017-05-09 16:37:47,596 [Worker-12] INFO  o.e.m.c.i.embedder.EclipseLogger - skip non existing resourceDirectory D:\GitHub\SFS2X\SFS2X_Extension_SCG_Lobby\SFS2X_Extension_SCG_Lobby_Workspace\scg\src\test\resources
2017-05-09 16:37:54,780 [Worker-12] INFO  o.e.m.c.i.embedder.EclipseLogger - Using 'UTF-8' encoding to copy filtered resources.
2017-05-09 16:37:54,780 [Worker-12] INFO  o.e.m.c.i.embedder.EclipseLogger - skip non existing resourceDirectory D:\GitHub\SFS2X\SFS2X_Extension_SCG_Lobby\SFS2X_Extension_SCG_Lobby_Workspace\scg\src\main\resources
2017-05-09 16:37:54,781 [Worker-12] INFO  o.e.m.c.i.embedder.EclipseLogger - Using 'UTF-8' encoding to copy filtered resources.
2017-05-09 16:37:54,782 [Worker-12] INFO  o.e.m.c.i.embedder.EclipseLogger - skip non existing resourceDirectory D:\GitHub\SFS2X\SFS2X_Extension_SCG_Lobby\SFS2X_Extension_SCG_Lobby_Workspace\scg\src\test\resources
2017-05-09 16:37:58,692 [main] INFO  o.e.m2e.actions.ExecutePomAction - Using existing launch configuration
2017-05-09 16:37:59,474 [Worker-17] INFO  o.e.m.i.launch.MavenLaunchDelegate - D:\GitHub\SFS2X\SFS2X_Extension_SCG_Lobby\SFS2X_Extension_SCG_Lobby_Workspace\scg
2017-05-09 16:37:59,475 [Worker-17] INFO  o.e.m.i.launch.MavenLaunchDelegate -  mvn -B package
2017-05-09 16:40:11,959 [Worker-23] INFO  o.e.m.c.i.embedder.EclipseLogger - Using 'UTF-8' encoding to copy filtered resources.
2017-05-09 16:40:11,959 [Worker-23] INFO  o.e.m.c.i.embedder.EclipseLogger - skip non existing resourceDirectory D:\GitHub\SFS2X\SFS2X_Extension_SCG_Lobby\SFS2X_Extension_SCG_Lobby_Workspace\scg\src\main\resources
2017-05-09 16:40:11,964 [Worker-23] INFO  o.e.m.c.i.embedder.EclipseLogger - Using 'UTF-8' encoding to copy filtered resources.
2017-05-09 16:40:11,964 [Worker-23] INFO  o.e.m.c.i.embedder.EclipseLogger - skip non existing resourceDirectory D:\GitHub\SFS2X\SFS2X_Extension_SCG_Lobby\SFS2X_Extension_SCG_Lobby_Workspace\scg\src\test\resources
2017-05-09 16:40:19,452 [Worker-24] INFO  o.e.m.c.i.embedder.EclipseLogger - Using 'UTF-8' encoding to copy filtered resources.
2017-05-09 16:40:19,453 [Worker-24] INFO  o.e.m.c.i.embedder.EclipseLogger - skip non existing resourceDirectory D:\GitHub\SFS2X\SFS2X_Extension_SCG_Lobby\SFS2X_Extension_SCG_Lobby_Workspace\scg\src\main\resources
2017-05-09 16:40:19,465 [Worker-24] INFO  o.e.m.c.i.embedder.EclipseLogger - Using 'UTF-8' encoding to copy filtered resources.
2017-05-09 16:40:19,465 [Worker-24] INFO  o.e.m.c.i.embedder.EclipseLogger - skip non existing resourceDirectory D:\GitHub\SFS2X\SFS2X_Extension_SCG_Lobby\SFS2X_Extension_SCG_Lobby_Workspace\scg\src\test\resources
2017-05-09 16:51:17,846 [Worker-22] INFO  o.e.m.c.i.embedder.EclipseLogger - Using 'UTF-8' encoding to copy filtered resources.
2017-05-09 16:51:17,846 [Worker-22] INFO  o.e.m.c.i.embedder.EclipseLogger - skip non existing resourceDirectory D:\GitHub\SFS2X\SFS2X_Extension_SCG_Lobby\SFS2X_Extension_SCG_Lobby_Workspace\scg\src\main\resources
2017-05-09 16:51:17,848 [Worker-22] INFO  o.e.m.c.i.embedder.EclipseLogger - Using 'UTF-8' encoding to copy filtered resources.
2017-05-09 16:51:17,848 [Worker-22] INFO  o.e.m.c.i.embedder.EclipseLogger - skip non existing resourceDirectory D:\GitHub\SFS2X\SFS2X_Extension_SCG_Lobby\SFS2X_Extension_SCG_Lobby_Workspace\scg\src\test\resources
2017-05-09 16:51:23,754 [main] INFO  o.e.m2e.actions.ExecutePomAction - Using existing launch configuration
2017-05-09 16:51:23,841 [Worker-12] INFO  o.e.m.i.launch.MavenLaunchDelegate - D:\GitHub\SFS2X\SFS2X_Extension_SCG_Lobby\SFS2X_Extension_SCG_Lobby_Workspace\scg
2017-05-09 16:51:23,841 [Worker-12] INFO  o.e.m.i.launch.MavenLaunchDelegate -  mvn -B package
2017-05-09 17:06:37,787 [main] INFO  o.e.m2e.actions.ExecutePomAction - Using existing launch configuration
2017-05-09 17:06:39,016 [Worker-32] INFO  o.e.m.i.launch.MavenLaunchDelegate - D:\GitHub\SFS2X\SFS2X_Extension_SCG_Lobby\SFS2X_Extension_SCG_Lobby_Workspace\scg
2017-05-09 17:06:39,016 [Worker-32] INFO  o.e.m.i.launch.MavenLaunchDelegate -  mvn -B package
2017-05-09 17:06:39,183 [Worker-32] INFO  o.e.m.c.i.embedder.EclipseLogger - Using 'UTF-8' encoding to copy filtered resources.
2017-05-09 17:06:39,184 [Worker-32] INFO  o.e.m.c.i.embedder.EclipseLogger - skip non existing resourceDirectory D:\GitHub\SFS2X\SFS2X_Extension_SCG_Lobby\SFS2X_Extension_SCG_Lobby_Workspace\scg\src\main\resources
2017-05-09 17:06:39,185 [Worker-32] INFO  o.e.m.c.i.embedder.EclipseLogger - Using 'UTF-8' encoding to copy filtered resources.
2017-05-09 17:06:39,185 [Worker-32] INFO  o.e.m.c.i.embedder.EclipseLogger - skip non existing resourceDirectory D:\GitHub\SFS2X\SFS2X_Extension_SCG_Lobby\SFS2X_Extension_SCG_Lobby_Workspace\scg\src\test\resources
2017-05-09 18:19:22,029 [Worker-35] INFO  o.e.m.c.i.embedder.EclipseLogger - Using 'UTF-8' encoding to copy filtered resources.
2017-05-09 18:19:22,029 [Worker-35] INFO  o.e.m.c.i.embedder.EclipseLogger - skip non existing resourceDirectory D:\GitHub\SFS2X\SFS2X_Extension_SCG_Lobby\SFS2X_Extension_SCG_Lobby_Workspace\scg\src\main\resources
2017-05-09 18:19:22,030 [Worker-35] INFO  o.e.m.c.i.embedder.EclipseLogger - Using 'UTF-8' encoding to copy filtered resources.
2017-05-09 18:19:22,031 [Worker-35] INFO  o.e.m.c.i.embedder.EclipseLogger - skip non existing resourceDirectory D:\GitHub\SFS2X\SFS2X_Extension_SCG_Lobby\SFS2X_Extension_SCG_Lobby_Workspace\scg\src\test\resources
2017-05-09 22:38:30,007 [Worker-48] INFO  o.e.m.c.i.embedder.EclipseLogger - Using 'UTF-8' encoding to copy filtered resources.
2017-05-09 22:38:30,007 [Worker-48] INFO  o.e.m.c.i.embedder.EclipseLogger - skip non existing resourceDirectory D:\GitHub\SFS2X\SFS2X_Extension_SCG_Lobby\SFS2X_Extension_SCG_Lobby_Workspace\scg\src\main\resources
2017-05-09 22:38:30,009 [Worker-48] INFO  o.e.m.c.i.embedder.EclipseLogger - Using 'UTF-8' encoding to copy filtered resources.
2017-05-09 22:38:30,009 [Worker-48] INFO  o.e.m.c.i.embedder.EclipseLogger - skip non existing resourceDirectory D:\GitHub\SFS2X\SFS2X_Extension_SCG_Lobby\SFS2X_Extension_SCG_Lobby_Workspace\scg\src\test\resources
2017-05-09 22:39:37,647 [main] INFO  o.e.m2e.actions.ExecutePomAction - Using existing launch configuration
2017-05-09 22:39:37,701 [Worker-48] INFO  o.e.m.i.launch.MavenLaunchDelegate - D:\GitHub\SFS2X\SFS2X_Extension_SCG_Lobby\SFS2X_Extension_SCG_Lobby_Workspace\scg
2017-05-09 22:39:37,701 [Worker-48] INFO  o.e.m.i.launch.MavenLaunchDelegate -  mvn -B package
2017-05-09 22:58:12,286 [Worker-42] INFO  o.e.m.c.i.embedder.EclipseLogger - Using 'UTF-8' encoding to copy filtered resources.
2017-05-09 22:58:12,287 [Worker-42] INFO  o.e.m.c.i.embedder.EclipseLogger - skip non existing resourceDirectory D:\GitHub\SFS2X\SFS2X_Extension_SCG_Lobby\SFS2X_Extension_SCG_Lobby_Workspace\scg\src\main\resources
2017-05-09 22:58:12,287 [Worker-42] INFO  o.e.m.c.i.embedder.EclipseLogger - Using 'UTF-8' encoding to copy filtered resources.
2017-05-09 22:58:12,287 [Worker-42] INFO  o.e.m.c.i.embedder.EclipseLogger - skip non existing resourceDirectory D:\GitHub\SFS2X\SFS2X_Extension_SCG_Lobby\SFS2X_Extension_SCG_Lobby_Workspace\scg\src\test\resources
2017-05-09 22:58:16,021 [main] INFO  o.e.m2e.actions.ExecutePomAction - Using existing launch configuration
2017-05-09 22:58:16,069 [Worker-56] INFO  o.e.m.i.launch.MavenLaunchDelegate - D:\GitHub\SFS2X\SFS2X_Extension_SCG_Lobby\SFS2X_Extension_SCG_Lobby_Workspace\scg
2017-05-09 22:58:16,069 [Worker-56] INFO  o.e.m.i.launch.MavenLaunchDelegate -  mvn -B package
2017-05-09 23:02:26,311 [main] INFO  o.e.m2e.actions.ExecutePomAction - Using existing launch configuration
2017-05-09 23:02:26,355 [Worker-56] INFO  o.e.m.i.launch.MavenLaunchDelegate - D:\GitHub\SFS2X\SFS2X_Extension_SCG_Lobby\SFS2X_Extension_SCG_Lobby_Workspace\scg
2017-05-09 23:02:26,356 [Worker-56] INFO  o.e.m.i.launch.MavenLaunchDelegate -  mvn -B package
2017-05-09 23:28:00,340 [Worker-59] INFO  o.e.m.c.i.embedder.EclipseLogger - Using 'UTF-8' encoding to copy filtered resources.
2017-05-09 23:28:00,340 [Worker-59] INFO  o.e.m.c.i.embedder.EclipseLogger - skip non existing resourceDirectory D:\GitHub\SFS2X\SFS2X_Extension_SCG_Lobby\SFS2X_Extension_SCG_Lobby_Workspace\scg\src\main\resources
2017-05-09 23:28:00,342 [Worker-59] INFO  o.e.m.c.i.embedder.EclipseLogger - Using 'UTF-8' encoding to copy filtered resources.
2017-05-09 23:28:00,342 [Worker-59] INFO  o.e.m.c.i.embedder.EclipseLogger - skip non existing resourceDirectory D:\GitHub\SFS2X\SFS2X_Extension_SCG_Lobby\SFS2X_Extension_SCG_Lobby_Workspace\scg\src\test\resources
2017-05-09 23:55:08,586 [Worker-0] INFO  c.g.t.t.d.PublishedGradleVersions - Gradle version information cache is up-to-date. Trying to read.
2017-05-09 23:55:14,203 [Worker-9] INFO  o.e.m.c.i.embedder.EclipseLogger - Using 'UTF-8' encoding to copy filtered resources.
2017-05-09 23:55:14,204 [Worker-9] INFO  o.e.m.c.i.embedder.EclipseLogger - skip non existing resourceDirectory D:\GitHub\SFS2X\SFS2X_Extension_SCG_Lobby\SFS2X_Extension_SCG_Lobby_Workspace\scg\src\main\resources
2017-05-09 23:55:14,207 [Worker-9] INFO  o.e.m.c.i.embedder.EclipseLogger - Using 'UTF-8' encoding to copy filtered resources.
2017-05-09 23:55:14,207 [Worker-9] INFO  o.e.m.c.i.embedder.EclipseLogger - skip non existing resourceDirectory D:\GitHub\SFS2X\SFS2X_Extension_SCG_Lobby\SFS2X_Extension_SCG_Lobby_Workspace\scg\src\test\resources
2017-05-09 23:55:18,263 [Worker-1] INFO  o.e.m.c.i.l.LifecycleMappingFactory - Using org.eclipse.m2e.jdt.JarLifecycleMapping lifecycle mapping for MavenProject: scott:scg:0.0.1-SCG_Extension @ D:\GitHub\SFS2X\SFS2X_Extension_SCG_Lobby\SFS2X_Extension_SCG_Lobby_Workspace\scg\pom.xml.
2017-05-09 23:55:18,766 [Worker-1] INFO  o.e.m.c.i.embedder.EclipseLogger - Using 'UTF-8' encoding to copy filtered resources.
2017-05-09 23:55:18,767 [Worker-1] INFO  o.e.m.c.i.embedder.EclipseLogger - skip non existing resourceDirectory D:\GitHub\SFS2X\SFS2X_Extension_SCG_Lobby\SFS2X_Extension_SCG_Lobby_Workspace\scg\src\main\resources
2017-05-09 23:55:18,774 [Worker-1] INFO  o.e.m.c.i.embedder.EclipseLogger - Using 'UTF-8' encoding to copy filtered resources.
2017-05-09 23:55:18,774 [Worker-1] INFO  o.e.m.c.i.embedder.EclipseLogger - skip non existing resourceDirectory D:\GitHub\SFS2X\SFS2X_Extension_SCG_Lobby\SFS2X_Extension_SCG_Lobby_Workspace\scg\src\test\resources
2017-05-09 23:55:21,050 [Worker-3] INFO  o.e.m.c.i.l.LifecycleMappingFactory - Using org.eclipse.m2e.jdt.JarLifecycleMapping lifecycle mapping for MavenProject: scott:scg:0.0.1-SCG_Extension @ D:\GitHub\SFS2X\SFS2X_Extension_SCG_Lobby\SFS2X_Extension_SCG_Lobby_Workspace\scg\pom.xml.
2017-05-09 23:55:21,193 [Worker-3] INFO  o.e.m.c.i.embedder.EclipseLogger - Using 'UTF-8' encoding to copy filtered resources.
2017-05-09 23:55:21,194 [Worker-3] INFO  o.e.m.c.i.embedder.EclipseLogger - skip non existing resourceDirectory D:\GitHub\SFS2X\SFS2X_Extension_SCG_Lobby\SFS2X_Extension_SCG_Lobby_Workspace\scg\src\main\resources
2017-05-09 23:55:21,196 [Worker-3] INFO  o.e.m.c.i.embedder.EclipseLogger - Using 'UTF-8' encoding to copy filtered resources.
2017-05-09 23:55:21,196 [Worker-3] INFO  o.e.m.c.i.embedder.EclipseLogger - skip non existing resourceDirectory D:\GitHub\SFS2X\SFS2X_Extension_SCG_Lobby\SFS2X_Extension_SCG_Lobby_Workspace\scg\src\test\resources
2017-05-09 23:55:30,638 [Worker-0] INFO  o.e.m.i.launch.MavenLaunchDelegate - D:\GitHub\SFS2X\SFS2X_Extension_SCG_Lobby\SFS2X_Extension_SCG_Lobby_Workspace\scg
2017-05-09 23:55:30,639 [Worker-0] INFO  o.e.m.i.launch.MavenLaunchDelegate -  mvn -B clean
2017-05-09 23:55:34,325 [Worker-2] INFO  o.e.m.c.i.embedder.EclipseLogger - Using 'UTF-8' encoding to copy filtered resources.
2017-05-09 23:55:34,325 [Worker-2] INFO  o.e.m.c.i.embedder.EclipseLogger - skip non existing resourceDirectory D:\GitHub\SFS2X\SFS2X_Extension_SCG_Lobby\SFS2X_Extension_SCG_Lobby_Workspace\scg\src\main\resources
2017-05-09 23:55:34,326 [Worker-2] INFO  o.e.m.c.i.embedder.EclipseLogger - Using 'UTF-8' encoding to copy filtered resources.
2017-05-09 23:55:34,327 [Worker-2] INFO  o.e.m.c.i.embedder.EclipseLogger - skip non existing resourceDirectory D:\GitHub\SFS2X\SFS2X_Extension_SCG_Lobby\SFS2X_Extension_SCG_Lobby_Workspace\scg\src\test\resources
2017-05-09 23:55:39,647 [main] INFO  o.e.m2e.actions.ExecutePomAction - Using existing launch configuration
2017-05-09 23:55:39,729 [Worker-13] INFO  o.e.m.i.launch.MavenLaunchDelegate - D:\GitHub\SFS2X\SFS2X_Extension_SCG_Lobby\SFS2X_Extension_SCG_Lobby_Workspace\scg
2017-05-09 23:55:39,729 [Worker-13] INFO  o.e.m.i.launch.MavenLaunchDelegate -  mvn -B package
